{"/home/travis/build/npmtest/node-npmtest-vue-lazyload/test.js":{"path":"/home/travis/build/npmtest/node-npmtest-vue-lazyload/test.js","s":{"1":2,"2":2,"3":2,"4":2,"5":2,"6":2,"7":2,"8":1,"9":2,"10":2,"11":1,"12":1,"13":1,"14":1,"15":2,"16":2,"17":2,"18":2,"19":1,"20":1,"21":2,"22":2,"23":2,"24":1,"25":1,"26":1,"27":1,"28":1,"29":1,"30":1,"31":1,"32":1,"33":1,"34":1,"35":1,"36":1,"37":1,"38":1,"39":2,"40":2,"41":1,"42":2,"43":2,"44":1,"45":2,"46":2,"47":1,"48":2,"49":2,"50":1,"51":1,"52":1,"53":1,"54":1},"b":{"1":[2,1,1,1],"2":[1,1,1,1],"3":[1,1],"4":[1,1],"5":[1,1],"6":[1,1],"7":[1,1],"8":[1,1],"9":[1,1],"10":[1,1,1],"11":[1,1],"12":[1,1],"13":[1,1],"14":[1,1],"15":[1,1],"16":[1,1],"17":[1,1]},"f":{"1":2,"2":2,"3":2,"4":2,"5":2,"6":1,"7":1,"8":1,"9":2,"10":2,"11":2,"12":2,"13":1},"fnMap":{"1":{"name":"(anonymous_1)","line":12,"loc":{"start":{"line":12,"column":1},"end":{"line":12,"column":13}}},"2":{"name":"(anonymous_2)","line":19,"loc":{"start":{"line":19,"column":5},"end":{"line":19,"column":17}}},"3":{"name":"(anonymous_3)","line":23,"loc":{"start":{"line":23,"column":24},"end":{"line":23,"column":36}}},"4":{"name":"(anonymous_4)","line":61,"loc":{"start":{"line":61,"column":5},"end":{"line":61,"column":17}}},"5":{"name":"(anonymous_5)","line":82,"loc":{"start":{"line":82,"column":5},"end":{"line":82,"column":17}}},"6":{"name":"(anonymous_6)","line":91,"loc":{"start":{"line":91,"column":77},"end":{"line":94,"column":10}}},"7":{"name":"(anonymous_7)","line":112,"loc":{"start":{"line":112,"column":83},"end":{"line":115,"column":10}},"skip":true},"8":{"name":"(anonymous_8)","line":123,"loc":{"start":{"line":123,"column":77},"end":{"line":126,"column":10}},"skip":true},"9":{"name":"(anonymous_9)","line":139,"loc":{"start":{"line":139,"column":12},"end":{"line":139,"column":40}},"skip":true},"10":{"name":"(anonymous_10)","line":147,"loc":{"start":{"line":147,"column":77},"end":{"line":150,"column":10}},"skip":true},"11":{"name":"(anonymous_11)","line":158,"loc":{"start":{"line":158,"column":83},"end":{"line":161,"column":10}},"skip":true},"12":{"name":"(anonymous_12)","line":169,"loc":{"start":{"line":169,"column":79},"end":{"line":172,"column":10}},"skip":true},"13":{"name":"(anonymous_13)","line":180,"loc":{"start":{"line":180,"column":75},"end":{"line":183,"column":10}},"skip":true}},"statementMap":{"1":{"start":{"line":12,"column":0},"end":{"line":195,"column":5}},"2":{"start":{"line":14,"column":4},"end":{"line":14,"column":14}},"3":{"start":{"line":19,"column":4},"end":{"line":56,"column":9}},"4":{"start":{"line":21,"column":8},"end":{"line":21,"column":19}},"5":{"start":{"line":23,"column":8},"end":{"line":35,"column":13}},"6":{"start":{"line":24,"column":12},"end":{"line":34,"column":13}},"7":{"start":{"line":25,"column":16},"end":{"line":28,"column":30}},"8":{"start":{"line":30,"column":16},"end":{"line":33,"column":27}},"9":{"start":{"line":37,"column":8},"end":{"line":39,"column":21}},"10":{"start":{"line":40,"column":8},"end":{"line":53,"column":9}},"11":{"start":{"line":43,"column":12},"end":{"line":46,"column":14}},"12":{"start":{"line":47,"column":12},"end":{"line":47,"column":18}},"13":{"start":{"line":50,"column":12},"end":{"line":51,"column":33}},"14":{"start":{"line":52,"column":12},"end":{"line":52,"column":18}},"15":{"start":{"line":55,"column":8},"end":{"line":55,"column":35}},"16":{"start":{"line":61,"column":4},"end":{"line":63,"column":9}},"17":{"start":{"line":62,"column":8},"end":{"line":62,"column":15}},"18":{"start":{"line":64,"column":4},"end":{"line":77,"column":5}},"19":{"start":{"line":70,"column":8},"end":{"line":70,"column":14}},"20":{"start":{"line":76,"column":8},"end":{"line":76,"column":14}},"21":{"start":{"line":82,"column":4},"end":{"line":84,"column":9}},"22":{"start":{"line":83,"column":8},"end":{"line":83,"column":15}},"23":{"start":{"line":85,"column":4},"end":{"line":194,"column":5}},"24":{"start":{"line":91,"column":8},"end":{"line":99,"column":10}},"25":{"start":{"line":98,"column":12},"end":{"line":98,"column":35}},"26":{"start":{"line":102,"column":8},"end":{"line":104,"column":63}},"27":{"start":{"line":105,"column":8},"end":{"line":105,"column":14}},"28":{"start":{"line":112,"column":8},"end":{"line":121,"column":10},"skip":true},"29":{"start":{"line":119,"column":12},"end":{"line":119,"column":55},"skip":true},"30":{"start":{"line":120,"column":12},"end":{"line":120,"column":48},"skip":true},"31":{"start":{"line":123,"column":8},"end":{"line":136,"column":10},"skip":true},"32":{"start":{"line":130,"column":12},"end":{"line":130,"column":76},"skip":true},"33":{"start":{"line":131,"column":12},"end":{"line":131,"column":73},"skip":true},"34":{"start":{"line":132,"column":12},"end":{"line":132,"column":74},"skip":true},"35":{"start":{"line":133,"column":12},"end":{"line":133,"column":79},"skip":true},"36":{"start":{"line":134,"column":12},"end":{"line":134,"column":25},"skip":true},"37":{"start":{"line":135,"column":12},"end":{"line":135,"column":45},"skip":true},"38":{"start":{"line":138,"column":8},"end":{"line":145,"column":14},"skip":true},"39":{"start":{"line":143,"column":16},"end":{"line":143,"column":29},"skip":true},"40":{"start":{"line":144,"column":16},"end":{"line":144,"column":55},"skip":true},"41":{"start":{"line":147,"column":8},"end":{"line":156,"column":10},"skip":true},"42":{"start":{"line":154,"column":12},"end":{"line":154,"column":25},"skip":true},"43":{"start":{"line":155,"column":12},"end":{"line":155,"column":45},"skip":true},"44":{"start":{"line":158,"column":8},"end":{"line":167,"column":10},"skip":true},"45":{"start":{"line":165,"column":12},"end":{"line":165,"column":25},"skip":true},"46":{"start":{"line":166,"column":12},"end":{"line":166,"column":48},"skip":true},"47":{"start":{"line":169,"column":8},"end":{"line":178,"column":10},"skip":true},"48":{"start":{"line":176,"column":12},"end":{"line":176,"column":25},"skip":true},"49":{"start":{"line":177,"column":12},"end":{"line":177,"column":46},"skip":true},"50":{"start":{"line":180,"column":8},"end":{"line":189,"column":10},"skip":true},"51":{"start":{"line":187,"column":12},"end":{"line":187,"column":94},"skip":true},"52":{"start":{"line":188,"column":12},"end":{"line":188,"column":48},"skip":true},"53":{"start":{"line":192,"column":8},"end":{"line":192,"column":35},"skip":true},"54":{"start":{"line":193,"column":8},"end":{"line":193,"column":14},"skip":true}},"branchMap":{"1":{"line":25,"type":"binary-expr","locations":[{"start":{"line":25,"column":23},"end":{"line":25,"column":62}},{"start":{"line":26,"column":20},"end":{"line":26,"column":70}},{"start":{"line":27,"column":20},"end":{"line":27,"column":71}},{"start":{"line":28,"column":20},"end":{"line":28,"column":29}}]},"2":{"line":30,"type":"binary-expr","locations":[{"start":{"line":30,"column":23},"end":{"line":30,"column":37}},{"start":{"line":31,"column":20},"end":{"line":31,"column":61}},{"start":{"line":32,"column":20},"end":{"line":32,"column":70}},{"start":{"line":33,"column":20},"end":{"line":33,"column":26}}]},"3":{"line":37,"type":"cond-expr","locations":[{"start":{"line":38,"column":14},"end":{"line":38,"column":20}},{"start":{"line":39,"column":14},"end":{"line":39,"column":20}}]},"4":{"line":40,"type":"switch","locations":[{"start":{"line":42,"column":8},"end":{"line":47,"column":18}},{"start":{"line":49,"column":8},"end":{"line":52,"column":18}}]},"5":{"line":44,"type":"binary-expr","locations":[{"start":{"line":44,"column":16},"end":{"line":44,"column":44}},{"start":{"line":44,"column":48},"end":{"line":44,"column":66}}]},"6":{"line":50,"type":"binary-expr","locations":[{"start":{"line":50,"column":21},"end":{"line":50,"column":49}},{"start":{"line":50,"column":53},"end":{"line":50,"column":72}}]},"7":{"line":64,"type":"switch","locations":[{"start":{"line":69,"column":4},"end":{"line":70,"column":14}},{"start":{"line":75,"column":4},"end":{"line":76,"column":14}}]},"8":{"line":85,"type":"switch","locations":[{"start":{"line":90,"column":4},"end":{"line":105,"column":14}},{"start":{"line":111,"column":4},"end":{"line":193,"column":14},"skip":true}]},"9":{"line":91,"type":"binary-expr","locations":[{"start":{"line":91,"column":42},"end":{"line":91,"column":73}},{"start":{"line":91,"column":77},"end":{"line":99,"column":9}}]},"10":{"line":102,"type":"binary-expr","locations":[{"start":{"line":102,"column":18},"end":{"line":102,"column":32}},{"start":{"line":103,"column":12},"end":{"line":103,"column":53}},{"start":{"line":104,"column":12},"end":{"line":104,"column":61}}]},"11":{"line":112,"type":"binary-expr","locations":[{"start":{"line":112,"column":45},"end":{"line":112,"column":79},"skip":true},{"start":{"line":112,"column":83},"end":{"line":121,"column":9},"skip":true}]},"12":{"line":123,"type":"binary-expr","locations":[{"start":{"line":123,"column":42},"end":{"line":123,"column":73},"skip":true},{"start":{"line":123,"column":77},"end":{"line":136,"column":9},"skip":true}]},"13":{"line":138,"type":"binary-expr","locations":[{"start":{"line":138,"column":48},"end":{"line":138,"column":85},"skip":true},{"start":{"line":139,"column":12},"end":{"line":145,"column":13},"skip":true}]},"14":{"line":147,"type":"binary-expr","locations":[{"start":{"line":147,"column":42},"end":{"line":147,"column":73},"skip":true},{"start":{"line":147,"column":77},"end":{"line":156,"column":9},"skip":true}]},"15":{"line":158,"type":"binary-expr","locations":[{"start":{"line":158,"column":45},"end":{"line":158,"column":79},"skip":true},{"start":{"line":158,"column":83},"end":{"line":167,"column":9},"skip":true}]},"16":{"line":169,"type":"binary-expr","locations":[{"start":{"line":169,"column":43},"end":{"line":169,"column":75},"skip":true},{"start":{"line":169,"column":79},"end":{"line":178,"column":9},"skip":true}]},"17":{"line":180,"type":"binary-expr","locations":[{"start":{"line":180,"column":41},"end":{"line":180,"column":71},"skip":true},{"start":{"line":180,"column":75},"end":{"line":189,"column":9},"skip":true}]}},"code":["/* istanbul instrument in package npmtest_vue_lazyload */","/*jslint","    bitwise: true,","    browser: true,","    maxerr: 8,","    maxlen: 96,","    node: true,","    nomen: true,","    regexp: true,","    stupid: true","*/","(function () {","    'use strict';","    var local;","","","","    // run shared js-env code - pre-init","    (function () {","        // init local","        local = {};","        // init modeJs","        local.modeJs = (function () {","            try {","                return typeof navigator.userAgent === 'string' &&","                    typeof document.querySelector('body') === 'object' &&","                    typeof XMLHttpRequest.prototype.open === 'function' &&","                    'browser';","            } catch (errorCaughtBrowser) {","                return module.exports &&","                    typeof process.versions.node === 'string' &&","                    typeof require('http').createServer === 'function' &&","                    'node';","            }","        }());","        // init global","        local.global = local.modeJs === 'browser'","            ? window","            : global;","        switch (local.modeJs) {","        // re-init local from window.local","        case 'browser':","            local = local.global.utility2.objectSetDefault(","                local.global.utility2_rollup || local.global.local,","                local.global.utility2","            );","            break;","        // re-init local from example.js","        case 'node':","            local = (local.global.utility2_rollup || require('utility2'))","                .requireReadme();","            break;","        }","        // export local","        local.global.local = local;","    }());","","","","    // run shared js-env code - function","    (function () {","        return;","    }());","    switch (local.modeJs) {","","","","    // run browser js-env code - function","    case 'browser':","        break;","","","","    // run node js-env code - function","    case 'node':","        break;","    }","","","","    // run shared js-env code - post-init","    (function () {","        return;","    }());","    switch (local.modeJs) {","","","","    // run browser js-env code - post-init","    case 'browser':","        local.testCase_browser_nullCase = local.testCase_browser_nullCase || function (","            options,","            onError","        ) {","        /*","         * this function will test browsers's null-case handling-behavior-behavior","         */","            onError(null, options);","        };","","        // run tests","        local.nop(local.modeTest &&","            document.querySelector('#testRunButton1') &&","            document.querySelector('#testRunButton1').click());","        break;","","","","    // run node js-env code - post-init","    /* istanbul ignore next */","    case 'node':","        local.testCase_buildApidoc_default = local.testCase_buildApidoc_default || function (","            options,","            onError","        ) {","        /*","         * this function will test buildApidoc's default handling-behavior-behavior","         */","            options = { modulePathList: module.paths };","            local.buildApidoc(options, onError);","        };","","        local.testCase_buildApp_default = local.testCase_buildApp_default || function (","            options,","            onError","        ) {","        /*","         * this function will test buildApp's default handling-behavior-behavior","         */","            local.testCase_buildReadme_default(options, local.onErrorThrow);","            local.testCase_buildLib_default(options, local.onErrorThrow);","            local.testCase_buildTest_default(options, local.onErrorThrow);","            local.testCase_buildCustomOrg_default(options, local.onErrorThrow);","            options = [];","            local.buildApp(options, onError);","        };","","        local.testCase_buildCustomOrg_default = local.testCase_buildCustomOrg_default ||","            function (options, onError) {","            /*","             * this function will test buildCustomOrg's default handling-behavior","             */","                options = {};","                local.buildCustomOrg(options, onError);","            };","","        local.testCase_buildLib_default = local.testCase_buildLib_default || function (","            options,","            onError","        ) {","        /*","         * this function will test buildLib's default handling-behavior","         */","            options = {};","            local.buildLib(options, onError);","        };","","        local.testCase_buildReadme_default = local.testCase_buildReadme_default || function (","            options,","            onError","        ) {","        /*","         * this function will test buildReadme's default handling-behavior-behavior","         */","            options = {};","            local.buildReadme(options, onError);","        };","","        local.testCase_buildTest_default = local.testCase_buildTest_default || function (","            options,","            onError","        ) {","        /*","         * this function will test buildTest's default handling-behavior","         */","            options = {};","            local.buildTest(options, onError);","        };","","        local.testCase_webpage_default = local.testCase_webpage_default || function (","            options,","            onError","        ) {","        /*","         * this function will test webpage's default handling-behavior","         */","            options = { modeCoverageMerge: true, url: local.serverLocalHost + '?modeTest=1' };","            local.browserTest(options, onError);","        };","","        // run test-server","        local.testRunServer(local);","        break;","    }","}());",""],"l":{"12":2,"14":2,"19":2,"21":2,"23":2,"24":2,"25":2,"30":1,"37":2,"40":2,"43":1,"47":1,"50":1,"52":1,"55":2,"61":2,"62":2,"64":2,"70":1,"76":1,"82":2,"83":2,"85":2,"91":1,"98":1,"102":1,"105":1,"112":1,"119":1,"120":1,"123":1,"130":1,"131":1,"132":1,"133":1,"134":1,"135":1,"138":1,"143":2,"144":2,"147":1,"154":2,"155":2,"158":1,"165":2,"166":2,"169":1,"176":2,"177":2,"180":1,"187":1,"188":1,"192":1,"193":1}},"/home/travis/build/npmtest/node-npmtest-vue-lazyload/lib.npmtest_vue_lazyload.js":{"path":"/home/travis/build/npmtest/node-npmtest-vue-lazyload/lib.npmtest_vue_lazyload.js","s":{"1":2,"2":2,"3":2,"4":2,"5":2,"6":2,"7":2,"8":1,"9":2,"10":2,"11":2,"12":2,"13":1,"14":1,"15":1,"16":1},"b":{"1":[2,1,1,1],"2":[1,1,1,1],"3":[1,1],"4":[2,2],"5":[1,1]},"f":{"1":2,"2":2,"3":2},"fnMap":{"1":{"name":"(anonymous_1)","line":12,"loc":{"start":{"line":12,"column":1},"end":{"line":12,"column":13}}},"2":{"name":"(anonymous_2)","line":19,"loc":{"start":{"line":19,"column":5},"end":{"line":19,"column":17}}},"3":{"name":"(anonymous_3)","line":23,"loc":{"start":{"line":23,"column":24},"end":{"line":23,"column":36}}}},"statementMap":{"1":{"start":{"line":12,"column":0},"end":{"line":53,"column":5}},"2":{"start":{"line":14,"column":4},"end":{"line":14,"column":14}},"3":{"start":{"line":19,"column":4},"end":{"line":52,"column":9}},"4":{"start":{"line":21,"column":8},"end":{"line":21,"column":19}},"5":{"start":{"line":23,"column":8},"end":{"line":35,"column":13}},"6":{"start":{"line":24,"column":12},"end":{"line":34,"column":13}},"7":{"start":{"line":25,"column":16},"end":{"line":28,"column":30}},"8":{"start":{"line":30,"column":16},"end":{"line":33,"column":27}},"9":{"start":{"line":37,"column":8},"end":{"line":39,"column":21}},"10":{"start":{"line":41,"column":8},"end":{"line":41,"column":54}},"11":{"start":{"line":43,"column":8},"end":{"line":43,"column":57}},"12":{"start":{"line":45,"column":8},"end":{"line":51,"column":9}},"13":{"start":{"line":46,"column":12},"end":{"line":46,"column":63}},"14":{"start":{"line":48,"column":12},"end":{"line":48,"column":35}},"15":{"start":{"line":49,"column":12},"end":{"line":49,"column":49}},"16":{"start":{"line":50,"column":12},"end":{"line":50,"column":43}}},"branchMap":{"1":{"line":25,"type":"binary-expr","locations":[{"start":{"line":25,"column":23},"end":{"line":25,"column":62}},{"start":{"line":26,"column":20},"end":{"line":26,"column":70}},{"start":{"line":27,"column":20},"end":{"line":27,"column":71}},{"start":{"line":28,"column":20},"end":{"line":28,"column":29}}]},"2":{"line":30,"type":"binary-expr","locations":[{"start":{"line":30,"column":23},"end":{"line":30,"column":37}},{"start":{"line":31,"column":20},"end":{"line":31,"column":61}},{"start":{"line":32,"column":20},"end":{"line":32,"column":70}},{"start":{"line":33,"column":20},"end":{"line":33,"column":26}}]},"3":{"line":37,"type":"cond-expr","locations":[{"start":{"line":38,"column":14},"end":{"line":38,"column":20}},{"start":{"line":39,"column":14},"end":{"line":39,"column":20}}]},"4":{"line":41,"type":"binary-expr","locations":[{"start":{"line":41,"column":16},"end":{"line":41,"column":44}},{"start":{"line":41,"column":48},"end":{"line":41,"column":53}}]},"5":{"line":45,"type":"if","locations":[{"start":{"line":45,"column":8},"end":{"line":45,"column":8}},{"start":{"line":45,"column":8},"end":{"line":45,"column":8}}]}},"code":["/* istanbul instrument in package npmtest_vue_lazyload */","/*jslint","    bitwise: true,","    browser: true,","    maxerr: 8,","    maxlen: 96,","    node: true,","    nomen: true,","    regexp: true,","    stupid: true","*/","(function () {","    'use strict';","    var local;","","","","    // run shared js-env code - pre-init","    (function () {","        // init local","        local = {};","        // init modeJs","        local.modeJs = (function () {","            try {","                return typeof navigator.userAgent === 'string' &&","                    typeof document.querySelector('body') === 'object' &&","                    typeof XMLHttpRequest.prototype.open === 'function' &&","                    'browser';","            } catch (errorCaughtBrowser) {","                return module.exports &&","                    typeof process.versions.node === 'string' &&","                    typeof require('http').createServer === 'function' &&","                    'node';","            }","        }());","        // init global","        local.global = local.modeJs === 'browser'","            ? window","            : global;","        // init utility2_rollup","        local = local.global.utility2_rollup || local;","        // init lib","        local.local = local.npmtest_vue_lazyload = local;","        // init exports","        if (local.modeJs === 'browser') {","            local.global.utility2_npmtest_vue_lazyload = local;","        } else {","            module.exports = local;","            module.exports.__dirname = __dirname;","            module.exports.module = module;","        }","    }());","}());",""],"l":{"12":2,"14":2,"19":2,"21":2,"23":2,"24":2,"25":2,"30":1,"37":2,"41":2,"43":2,"45":2,"46":1,"48":1,"49":1,"50":1}},"/home/travis/build/npmtest/node-npmtest-vue-lazyload/example.js":{"path":"/home/travis/build/npmtest/node-npmtest-vue-lazyload/example.js","s":{"1":2,"2":2,"3":2,"4":2,"5":2,"6":2,"7":2,"8":1,"9":2,"10":2,"11":2,"12":2,"13":1,"14":2,"15":2,"16":2,"17":2,"18":2,"19":0,"20":2,"21":1,"22":1,"23":1,"24":1,"25":1,"26":0,"27":0,"28":1,"29":1,"30":2,"31":0,"32":0,"33":0,"34":1,"35":2,"36":2,"37":3,"38":3,"39":3,"40":3,"41":0,"42":3,"43":3,"44":3,"45":1,"46":3,"47":1,"48":1,"49":1,"50":1,"51":1,"52":1,"53":1,"54":1,"55":1,"56":1,"57":0,"58":1,"59":6,"60":6,"61":1,"62":2,"63":0,"64":2,"65":1,"66":1,"67":0,"68":0,"69":0,"70":0,"71":0,"72":0,"73":0,"74":0,"75":0,"76":0,"77":0,"78":0,"79":0,"80":0,"81":0,"82":0,"83":0},"b":{"1":[2,1,1,1],"2":[1,1,1,1],"3":[1,1],"4":[2,2],"5":[1,1],"6":[1,1],"7":[2,0],"8":[2,1,1,1,1,1],"9":[0,2,0],"10":[1,1],"11":[2,1,1],"12":[1,0],"13":[0,2],"14":[2,0,0,0,0,0,0],"15":[0,3],"16":[3,0],"17":[1,1],"18":[0,1],"19":[1,2,0,2],"20":[1,0],"21":[1,1],"22":[0,0],"23":[0,0],"24":[0,0],"25":[0,0],"26":[0,0],"27":[0,0],"28":[0,0]},"f":{"1":2,"2":2,"3":2,"4":2,"5":2,"6":2,"7":3,"8":3,"9":3,"10":1,"11":6,"12":0},"fnMap":{"1":{"name":"(anonymous_1)","line":26,"loc":{"start":{"line":26,"column":1},"end":{"line":26,"column":13}}},"2":{"name":"(anonymous_2)","line":33,"loc":{"start":{"line":33,"column":5},"end":{"line":33,"column":17}}},"3":{"name":"(anonymous_3)","line":37,"loc":{"start":{"line":37,"column":24},"end":{"line":37,"column":36}}},"4":{"name":"(anonymous_4)","line":69,"loc":{"start":{"line":69,"column":31},"end":{"line":69,"column":48}},"skip":true},"5":{"name":"(anonymous_5)","line":78,"loc":{"start":{"line":78,"column":26},"end":{"line":78,"column":45}},"skip":true},"6":{"name":"(anonymous_6)","line":123,"loc":{"start":{"line":123,"column":33},"end":{"line":123,"column":48}},"skip":true},"7":{"name":"(anonymous_7)","line":125,"loc":{"start":{"line":125,"column":27},"end":{"line":125,"column":39}},"skip":true},"8":{"name":"(anonymous_8)","line":133,"loc":{"start":{"line":133,"column":59},"end":{"line":133,"column":74}},"skip":true},"9":{"name":"(anonymous_9)","line":143,"loc":{"start":{"line":143,"column":45},"end":{"line":143,"column":62}},"skip":true},"10":{"name":"(anonymous_10)","line":144,"loc":{"start":{"line":144,"column":73},"end":{"line":144,"column":92}},"skip":true},"11":{"name":"(anonymous_11)","line":272,"loc":{"start":{"line":272,"column":51},"end":{"line":272,"column":77}},"skip":true},"12":{"name":"(anonymous_12)","line":315,"loc":{"start":{"line":315,"column":32},"end":{"line":315,"column":61}},"skip":true}},"statementMap":{"1":{"start":{"line":26,"column":0},"end":{"line":326,"column":5}},"2":{"start":{"line":28,"column":4},"end":{"line":28,"column":14}},"3":{"start":{"line":33,"column":4},"end":{"line":60,"column":9}},"4":{"start":{"line":35,"column":8},"end":{"line":35,"column":19}},"5":{"start":{"line":37,"column":8},"end":{"line":49,"column":13}},"6":{"start":{"line":38,"column":12},"end":{"line":48,"column":13}},"7":{"start":{"line":39,"column":16},"end":{"line":42,"column":30}},"8":{"start":{"line":44,"column":16},"end":{"line":47,"column":27}},"9":{"start":{"line":51,"column":8},"end":{"line":53,"column":21}},"10":{"start":{"line":55,"column":8},"end":{"line":57,"column":45}},"11":{"start":{"line":59,"column":8},"end":{"line":59,"column":35}},"12":{"start":{"line":61,"column":4},"end":{"line":325,"column":5}},"13":{"start":{"line":69,"column":8},"end":{"line":121,"column":10},"skip":true},"14":{"start":{"line":70,"column":12},"end":{"line":88,"column":13},"skip":true},"15":{"start":{"line":76,"column":16},"end":{"line":87,"column":19},"skip":true},"16":{"start":{"line":79,"column":20},"end":{"line":86,"column":21},"skip":true},"17":{"start":{"line":82,"column":24},"end":{"line":82,"column":43},"skip":true},"18":{"start":{"line":83,"column":24},"end":{"line":83,"column":30},"skip":true},"19":{"start":{"line":85,"column":24},"end":{"line":85,"column":49},"skip":true},"20":{"start":{"line":89,"column":12},"end":{"line":107,"column":13},"skip":true},"21":{"start":{"line":92,"column":16},"end":{"line":102,"column":17},"skip":true},"22":{"start":{"line":93,"column":20},"end":{"line":93,"column":86},"skip":true},"23":{"start":{"line":94,"column":20},"end":{"line":95,"column":45},"skip":true},"24":{"start":{"line":96,"column":20},"end":{"line":96,"column":42},"skip":true},"25":{"start":{"line":97,"column":20},"end":{"line":97,"column":48},"skip":true},"26":{"start":{"line":100,"column":20},"end":{"line":100,"column":85},"skip":true},"27":{"start":{"line":101,"column":20},"end":{"line":101,"column":96},"skip":true},"28":{"start":{"line":103,"column":16},"end":{"line":103,"column":22},"skip":true},"29":{"start":{"line":106,"column":16},"end":{"line":106,"column":22},"skip":true},"30":{"start":{"line":108,"column":12},"end":{"line":120,"column":13},"skip":true},"31":{"start":{"line":114,"column":16},"end":{"line":119,"column":17},"skip":true},"32":{"start":{"line":116,"column":20},"end":{"line":116,"column":78},"skip":true},"33":{"start":{"line":118,"column":20},"end":{"line":118,"column":47},"skip":true},"34":{"start":{"line":123,"column":8},"end":{"line":141,"column":11},"skip":true},"35":{"start":{"line":124,"column":12},"end":{"line":124,"column":54},"skip":true},"36":{"start":{"line":125,"column":12},"end":{"line":140,"column":14},"skip":true},"37":{"start":{"line":126,"column":16},"end":{"line":126,"column":28},"skip":true},"38":{"start":{"line":127,"column":16},"end":{"line":127,"column":69},"skip":true},"39":{"start":{"line":128,"column":16},"end":{"line":128,"column":75},"skip":true},"40":{"start":{"line":129,"column":16},"end":{"line":131,"column":17},"skip":true},"41":{"start":{"line":130,"column":20},"end":{"line":130,"column":27},"skip":true},"42":{"start":{"line":133,"column":16},"end":{"line":137,"column":36},"skip":true},"43":{"start":{"line":134,"column":20},"end":{"line":136,"column":55},"skip":true},"44":{"start":{"line":139,"column":16},"end":{"line":139,"column":57},"skip":true},"45":{"start":{"line":143,"column":8},"end":{"line":147,"column":11},"skip":true},"46":{"start":{"line":144,"column":12},"end":{"line":146,"column":15},"skip":true},"47":{"start":{"line":145,"column":16},"end":{"line":145,"column":70},"skip":true},"48":{"start":{"line":149,"column":8},"end":{"line":149,"column":31},"skip":true},"49":{"start":{"line":150,"column":8},"end":{"line":150,"column":14},"skip":true},"50":{"start":{"line":158,"column":8},"end":{"line":158,"column":31},"skip":true},"51":{"start":{"line":160,"column":8},"end":{"line":160,"column":33},"skip":true},"52":{"start":{"line":161,"column":8},"end":{"line":161,"column":37},"skip":true},"53":{"start":{"line":162,"column":8},"end":{"line":162,"column":35},"skip":true},"54":{"start":{"line":164,"column":8},"end":{"line":164,"column":50},"skip":true},"55":{"start":{"line":166,"column":8},"end":{"line":256,"column":2},"skip":true},"56":{"start":{"line":258,"column":8},"end":{"line":286,"column":9},"skip":true},"57":{"start":{"line":259,"column":12},"end":{"line":269,"column":14},"skip":true},"58":{"start":{"line":271,"column":12},"end":{"line":285,"column":19},"skip":true},"59":{"start":{"line":274,"column":20},"end":{"line":274,"column":35},"skip":true},"60":{"start":{"line":275,"column":20},"end":{"line":284,"column":21},"skip":true},"61":{"start":{"line":277,"column":24},"end":{"line":277,"column":64},"skip":true},"62":{"start":{"line":279,"column":24},"end":{"line":279,"column":40},"skip":true},"63":{"start":{"line":281,"column":24},"end":{"line":281,"column":40},"skip":true},"64":{"start":{"line":283,"column":24},"end":{"line":283,"column":39},"skip":true},"65":{"start":{"line":288,"column":8},"end":{"line":290,"column":9},"skip":true},"66":{"start":{"line":289,"column":12},"end":{"line":289,"column":18},"skip":true},"67":{"start":{"line":291,"column":8},"end":{"line":293,"column":54},"skip":true},"68":{"start":{"line":296,"column":8},"end":{"line":301,"column":37},"skip":true},"69":{"start":{"line":303,"column":8},"end":{"line":303,"column":82},"skip":true},"70":{"start":{"line":306,"column":8},"end":{"line":308,"column":9},"skip":true},"71":{"start":{"line":307,"column":12},"end":{"line":307,"column":82},"skip":true},"72":{"start":{"line":310,"column":8},"end":{"line":312,"column":9},"skip":true},"73":{"start":{"line":311,"column":12},"end":{"line":311,"column":18},"skip":true},"74":{"start":{"line":313,"column":8},"end":{"line":313,"column":54},"skip":true},"75":{"start":{"line":314,"column":8},"end":{"line":314,"column":69},"skip":true},"76":{"start":{"line":315,"column":8},"end":{"line":323,"column":36},"skip":true},"77":{"start":{"line":316,"column":12},"end":{"line":316,"column":61},"skip":true},"78":{"start":{"line":317,"column":12},"end":{"line":320,"column":13},"skip":true},"79":{"start":{"line":318,"column":16},"end":{"line":318,"column":75},"skip":true},"80":{"start":{"line":319,"column":16},"end":{"line":319,"column":23},"skip":true},"81":{"start":{"line":321,"column":12},"end":{"line":321,"column":38},"skip":true},"82":{"start":{"line":322,"column":12},"end":{"line":322,"column":27},"skip":true},"83":{"start":{"line":324,"column":8},"end":{"line":324,"column":14},"skip":true}},"branchMap":{"1":{"line":39,"type":"binary-expr","locations":[{"start":{"line":39,"column":23},"end":{"line":39,"column":62}},{"start":{"line":40,"column":20},"end":{"line":40,"column":70}},{"start":{"line":41,"column":20},"end":{"line":41,"column":71}},{"start":{"line":42,"column":20},"end":{"line":42,"column":29}}]},"2":{"line":44,"type":"binary-expr","locations":[{"start":{"line":44,"column":23},"end":{"line":44,"column":37}},{"start":{"line":45,"column":20},"end":{"line":45,"column":61}},{"start":{"line":46,"column":20},"end":{"line":46,"column":70}},{"start":{"line":47,"column":20},"end":{"line":47,"column":26}}]},"3":{"line":51,"type":"cond-expr","locations":[{"start":{"line":52,"column":14},"end":{"line":52,"column":20}},{"start":{"line":53,"column":14},"end":{"line":53,"column":20}}]},"4":{"line":55,"type":"binary-expr","locations":[{"start":{"line":55,"column":16},"end":{"line":55,"column":44}},{"start":{"line":55,"column":49},"end":{"line":57,"column":43}}]},"5":{"line":55,"type":"cond-expr","locations":[{"start":{"line":56,"column":14},"end":{"line":56,"column":56}},{"start":{"line":57,"column":14},"end":{"line":57,"column":43}}]},"6":{"line":61,"type":"switch","locations":[{"start":{"line":68,"column":4},"end":{"line":150,"column":14},"skip":true},{"start":{"line":156,"column":4},"end":{"line":324,"column":14},"skip":true}]},"7":{"line":70,"type":"if","locations":[{"start":{"line":70,"column":12},"end":{"line":70,"column":12},"skip":true},{"start":{"line":70,"column":12},"end":{"line":70,"column":12},"skip":true}]},"8":{"line":70,"type":"binary-expr","locations":[{"start":{"line":70,"column":16},"end":{"line":70,"column":22},"skip":true},{"start":{"line":70,"column":27},"end":{"line":70,"column":32},"skip":true},{"start":{"line":71,"column":20},"end":{"line":71,"column":39},"skip":true},{"start":{"line":72,"column":20},"end":{"line":72,"column":49},"skip":true},{"start":{"line":73,"column":20},"end":{"line":73,"column":58},"skip":true},{"start":{"line":74,"column":20},"end":{"line":74,"column":69},"skip":true}]},"9":{"line":79,"type":"switch","locations":[{"start":{"line":80,"column":20},"end":{"line":80,"column":33},"skip":true},{"start":{"line":81,"column":20},"end":{"line":83,"column":30},"skip":true},{"start":{"line":84,"column":20},"end":{"line":85,"column":49},"skip":true}]},"10":{"line":89,"type":"switch","locations":[{"start":{"line":90,"column":12},"end":{"line":103,"column":22},"skip":true},{"start":{"line":105,"column":12},"end":{"line":106,"column":22},"skip":true}]},"11":{"line":89,"type":"binary-expr","locations":[{"start":{"line":89,"column":20},"end":{"line":89,"column":25},"skip":true},{"start":{"line":89,"column":29},"end":{"line":89,"column":48},"skip":true},{"start":{"line":89,"column":52},"end":{"line":89,"column":74},"skip":true}]},"12":{"line":92,"type":"if","locations":[{"start":{"line":92,"column":16},"end":{"line":92,"column":16},"skip":true},{"start":{"line":92,"column":16},"end":{"line":92,"column":16},"skip":true}]},"13":{"line":108,"type":"if","locations":[{"start":{"line":108,"column":12},"end":{"line":108,"column":12},"skip":true},{"start":{"line":108,"column":12},"end":{"line":108,"column":12},"skip":true}]},"14":{"line":108,"type":"binary-expr","locations":[{"start":{"line":108,"column":16},"end":{"line":108,"column":61},"skip":true},{"start":{"line":108,"column":66},"end":{"line":108,"column":72},"skip":true},{"start":{"line":108,"column":77},"end":{"line":108,"column":82},"skip":true},{"start":{"line":109,"column":20},"end":{"line":109,"column":39},"skip":true},{"start":{"line":110,"column":20},"end":{"line":110,"column":49},"skip":true},{"start":{"line":111,"column":20},"end":{"line":111,"column":58},"skip":true},{"start":{"line":112,"column":20},"end":{"line":112,"column":68},"skip":true}]},"15":{"line":129,"type":"if","locations":[{"start":{"line":129,"column":16},"end":{"line":129,"column":16},"skip":true},{"start":{"line":129,"column":16},"end":{"line":129,"column":16},"skip":true}]},"16":{"line":134,"type":"cond-expr","locations":[{"start":{"line":135,"column":26},"end":{"line":135,"column":29},"skip":true},{"start":{"line":136,"column":26},"end":{"line":136,"column":54},"skip":true}]},"17":{"line":164,"type":"binary-expr","locations":[{"start":{"line":164,"column":27},"end":{"line":164,"column":43},"skip":true},{"start":{"line":164,"column":47},"end":{"line":164,"column":49},"skip":true}]},"18":{"line":258,"type":"if","locations":[{"start":{"line":258,"column":8},"end":{"line":258,"column":8},"skip":true},{"start":{"line":258,"column":8},"end":{"line":258,"column":8},"skip":true}]},"19":{"line":275,"type":"switch","locations":[{"start":{"line":276,"column":20},"end":{"line":277,"column":64},"skip":true},{"start":{"line":278,"column":20},"end":{"line":279,"column":40},"skip":true},{"start":{"line":280,"column":20},"end":{"line":281,"column":40},"skip":true},{"start":{"line":282,"column":20},"end":{"line":283,"column":39},"skip":true}]},"20":{"line":288,"type":"if","locations":[{"start":{"line":288,"column":8},"end":{"line":288,"column":8},"skip":true},{"start":{"line":288,"column":8},"end":{"line":288,"column":8},"skip":true}]},"21":{"line":288,"type":"binary-expr","locations":[{"start":{"line":288,"column":12},"end":{"line":288,"column":40},"skip":true},{"start":{"line":288,"column":44},"end":{"line":288,"column":67},"skip":true}]},"22":{"line":292,"type":"binary-expr","locations":[{"start":{"line":292,"column":12},"end":{"line":292,"column":50},"skip":true},{"start":{"line":293,"column":12},"end":{"line":293,"column":53},"skip":true}]},"23":{"line":297,"type":"binary-expr","locations":[{"start":{"line":297,"column":12},"end":{"line":297,"column":70},"skip":true},{"start":{"line":298,"column":12},"end":{"line":301,"column":36},"skip":true}]},"24":{"line":303,"type":"binary-expr","locations":[{"start":{"line":303,"column":43},"end":{"line":303,"column":75},"skip":true},{"start":{"line":303,"column":79},"end":{"line":303,"column":81},"skip":true}]},"25":{"line":306,"type":"if","locations":[{"start":{"line":306,"column":8},"end":{"line":306,"column":8},"skip":true},{"start":{"line":306,"column":8},"end":{"line":306,"column":8},"skip":true}]},"26":{"line":310,"type":"if","locations":[{"start":{"line":310,"column":8},"end":{"line":310,"column":8},"skip":true},{"start":{"line":310,"column":8},"end":{"line":310,"column":8},"skip":true}]},"27":{"line":313,"type":"binary-expr","locations":[{"start":{"line":313,"column":27},"end":{"line":313,"column":43},"skip":true},{"start":{"line":313,"column":47},"end":{"line":313,"column":53},"skip":true}]},"28":{"line":317,"type":"if","locations":[{"start":{"line":317,"column":12},"end":{"line":317,"column":12},"skip":true},{"start":{"line":317,"column":12},"end":{"line":317,"column":12},"skip":true}]}},"code":["/*","example.js","","quickstart example","","instruction","    1. save this script as example.js","    2. run the shell command:","        $ npm install npmtest-vue-lazyload && PORT=8081 node example.js","    3. play with the browser-demo on http://127.0.0.1:8081","*/","","","","/* istanbul instrument in package npmtest_vue_lazyload */","/*jslint","    bitwise: true,","    browser: true,","    maxerr: 8,","    maxlen: 96,","    node: true,","    nomen: true,","    regexp: true,","    stupid: true","*/","(function () {","    'use strict';","    var local;","","","","    // run shared js-env code - pre-init","    (function () {","        // init local","        local = {};","        // init modeJs","        local.modeJs = (function () {","            try {","                return typeof navigator.userAgent === 'string' &&","                    typeof document.querySelector('body') === 'object' &&","                    typeof XMLHttpRequest.prototype.open === 'function' &&","                    'browser';","            } catch (errorCaughtBrowser) {","                return module.exports &&","                    typeof process.versions.node === 'string' &&","                    typeof require('http').createServer === 'function' &&","                    'node';","            }","        }());","        // init global","        local.global = local.modeJs === 'browser'","            ? window","            : global;","        // init utility2_rollup","        local = local.global.utility2_rollup || (local.modeJs === 'browser'","            ? local.global.utility2_npmtest_vue_lazyload","            : global.utility2_moduleExports);","        // export local","        local.global.local = local;","    }());","    switch (local.modeJs) {","","","","    // post-init","    // run browser js-env code - post-init","    /* istanbul ignore next */","    case 'browser':","        local.testRunBrowser = function (event) {","            if (!event || (event &&","                    event.currentTarget &&","                    event.currentTarget.className &&","                    event.currentTarget.className.includes &&","                    event.currentTarget.className.includes('onreset'))) {","                // reset output","                Array.from(","                    document.querySelectorAll('body > .resettable')","                ).forEach(function (element) {","                    switch (element.tagName) {","                    case 'INPUT':","                    case 'TEXTAREA':","                        element.value = '';","                        break;","                    default:","                        element.textContent = '';","                    }","                });","            }","            switch (event && event.currentTarget && event.currentTarget.id) {","            case 'testRunButton1':","                // show tests","                if (document.querySelector('#testReportDiv1').style.display === 'none') {","                    document.querySelector('#testReportDiv1').style.display = 'block';","                    document.querySelector('#testRunButton1').textContent =","                        'hide internal test';","                    local.modeTest = true;","                    local.testRunDefault(local);","                // hide tests","                } else {","                    document.querySelector('#testReportDiv1').style.display = 'none';","                    document.querySelector('#testRunButton1').textContent = 'run internal test';","                }","                break;","            // custom-case","            default:","                break;","            }","            if (document.querySelector('#inputTextareaEval1') && (!event || (event &&","                    event.currentTarget &&","                    event.currentTarget.className &&","                    event.currentTarget.className.includes &&","                    event.currentTarget.className.includes('oneval')))) {","                // try to eval input-code","                try {","                    /*jslint evil: true*/","                    eval(document.querySelector('#inputTextareaEval1').value);","                } catch (errorCaught) {","                    console.error(errorCaught);","                }","            }","        };","        // log stderr and stdout to #outputTextareaStdout1","        ['error', 'log'].forEach(function (key) {","            console[key + '_original'] = console[key];","            console[key] = function () {","                var element;","                console[key + '_original'].apply(console, arguments);","                element = document.querySelector('#outputTextareaStdout1');","                if (!element) {","                    return;","                }","                // append text to #outputTextareaStdout1","                element.value += Array.from(arguments).map(function (arg) {","                    return typeof arg === 'string'","                        ? arg","                        : JSON.stringify(arg, null, 4);","                }).join(' ') + '\\n';","                // scroll textarea to bottom","                element.scrollTop = element.scrollHeight;","            };","        });","        // init event-handling","        ['change', 'click', 'keyup'].forEach(function (event) {","            Array.from(document.querySelectorAll('.on' + event)).forEach(function (element) {","                element.addEventListener(event, local.testRunBrowser);","            });","        });","        // run tests","        local.testRunBrowser();","        break;","","","","    // run node js-env code - post-init","    /* istanbul ignore next */","    case 'node':","        // export local","        module.exports = local;","        // require modules","        local.fs = require('fs');","        local.http = require('http');","        local.url = require('url');","        // init assets","        local.assetsDict = local.assetsDict || {};","        /* jslint-ignore-begin */","        local.assetsDict['/assets.index.template.html'] = '\\","<!doctype html>\\n\\","<html lang=\"en\">\\n\\","<head>\\n\\","<meta charset=\"UTF-8\">\\n\\","<meta name=\"viewport\" content=\"width=device-width, initial-scale=1\">\\n\\","<title>{{env.npm_package_name}} (v{{env.npm_package_version}})</title>\\n\\","<style>\\n\\","/*csslint\\n\\","    box-sizing: false,\\n\\","    universal-selector: false\\n\\","*/\\n\\","* {\\n\\","    box-sizing: border-box;\\n\\","}\\n\\","body {\\n\\","    background: #dde;\\n\\","    font-family: Arial, Helvetica, sans-serif;\\n\\","    margin: 2rem;\\n\\","}\\n\\","body > * {\\n\\","    margin-bottom: 1rem;\\n\\","}\\n\\",".utility2FooterDiv {\\n\\","    margin-top: 20px;\\n\\","    text-align: center;\\n\\","}\\n\\","</style>\\n\\","<style>\\n\\","/*csslint\\n\\","*/\\n\\","textarea {\\n\\","    font-family: monospace;\\n\\","    height: 10rem;\\n\\","    width: 100%;\\n\\","}\\n\\","textarea[readonly] {\\n\\","    background: #ddd;\\n\\","}\\n\\","</style>\\n\\","</head>\\n\\","<body>\\n\\","<!-- utility2-comment\\n\\","<div id=\"ajaxProgressDiv1\" style=\"background: #d00; height: 2px; left: 0; margin: 0; padding: 0; position: fixed; top: 0; transition: background 0.5s, width 1.5s; width: 25%;\"></div>\\n\\","utility2-comment -->\\n\\","<h1>\\n\\","<!-- utility2-comment\\n\\","    <a\\n\\","        {{#if env.npm_package_homepage}}\\n\\","        href=\"{{env.npm_package_homepage}}\"\\n\\","        {{/if env.npm_package_homepage}}\\n\\","        target=\"_blank\"\\n\\","    >\\n\\","utility2-comment -->\\n\\","        {{env.npm_package_name}} (v{{env.npm_package_version}})\\n\\","<!-- utility2-comment\\n\\","    </a>\\n\\","utility2-comment -->\\n\\","</h1>\\n\\","<h3>{{env.npm_package_description}}</h3>\\n\\","<!-- utility2-comment\\n\\","<h4><a download href=\"assets.app.js\">download standalone app</a></h4>\\n\\","<button class=\"onclick onreset\" id=\"testRunButton1\">run internal test</button><br>\\n\\","<div id=\"testReportDiv1\" style=\"display: none;\"></div>\\n\\","utility2-comment -->\\n\\","\\n\\","\\n\\","\\n\\","<label>stderr and stdout</label>\\n\\","<textarea class=\"resettable\" id=\"outputTextareaStdout1\" readonly></textarea>\\n\\","<!-- utility2-comment\\n\\","{{#if isRollup}}\\n\\","<script src=\"assets.app.js\"></script>\\n\\","{{#unless isRollup}}\\n\\","utility2-comment -->\\n\\","<script src=\"assets.utility2.rollup.js\"></script>\\n\\","<script src=\"jsonp.utility2._stateInit?callback=window.utility2._stateInit\"></script>\\n\\","<script src=\"assets.npmtest_vue_lazyload.rollup.js\"></script>\\n\\","<script src=\"assets.example.js\"></script>\\n\\","<script src=\"assets.test.js\"></script>\\n\\","<!-- utility2-comment\\n\\","{{/if isRollup}}\\n\\","utility2-comment -->\\n\\","<div class=\"utility2FooterDiv\">\\n\\","    [ this app was created with\\n\\","    <a href=\"https://github.com/kaizhu256/node-utility2\" target=\"_blank\">utility2</a>\\n\\","    ]\\n\\","</div>\\n\\","</body>\\n\\","</html>\\n\\","';","        /* jslint-ignore-end */","        if (local.templateRender) {","            local.assetsDict['/'] = local.templateRender(","                local.assetsDict['/assets.index.template.html'],","                {","                    env: local.objectSetDefault(local.env, {","                        npm_package_description: 'the greatest app in the world!',","                        npm_package_name: 'my-app',","                        npm_package_nameAlias: 'my_app',","                        npm_package_version: '0.0.1'","                    })","                }","            );","        } else {","            local.assetsDict['/'] = local.assetsDict['/assets.index.template.html']","                .replace((/\\{\\{env\\.(\\w+?)\\}\\}/g), function (match0, match1) {","                    // jslint-hack","                    String(match0);","                    switch (match1) {","                    case 'npm_package_description':","                        return 'the greatest app in the world!';","                    case 'npm_package_name':","                        return 'my-app';","                    case 'npm_package_nameAlias':","                        return 'my_app';","                    case 'npm_package_version':","                        return '0.0.1';","                    }","                });","        }","        // run the cli","        if (local.global.utility2_rollup || module !== require.main) {","            break;","        }","        local.assetsDict['/assets.example.js'] =","            local.assetsDict['/assets.example.js'] ||","            local.fs.readFileSync(__filename, 'utf8');","        // bug-workaround - long $npm_package_buildCustomOrg","        /* jslint-ignore-begin */","        local.assetsDict['/assets.npmtest_vue_lazyload.rollup.js'] =","            local.assetsDict['/assets.npmtest_vue_lazyload.rollup.js'] ||","            local.fs.readFileSync(","                local.npmtest_vue_lazyload.__dirname + '/lib.npmtest_vue_lazyload.js',","                'utf8'","            ).replace((/^#!/), '//');","        /* jslint-ignore-end */","        local.assetsDict['/favicon.ico'] = local.assetsDict['/favicon.ico'] || '';","        // if $npm_config_timeout_exit exists,","        // then exit this process after $npm_config_timeout_exit ms","        if (Number(process.env.npm_config_timeout_exit)) {","            setTimeout(process.exit, Number(process.env.npm_config_timeout_exit));","        }","        // start server","        if (local.global.utility2_serverHttp1) {","            break;","        }","        process.env.PORT = process.env.PORT || '8081';","        console.error('server starting on port ' + process.env.PORT);","        local.http.createServer(function (request, response) {","            request.urlParsed = local.url.parse(request.url);","            if (local.assetsDict[request.urlParsed.pathname] !== undefined) {","                response.end(local.assetsDict[request.urlParsed.pathname]);","                return;","            }","            response.statusCode = 404;","            response.end();","        }).listen(process.env.PORT);","        break;","    }","}());",""],"l":{"26":2,"28":2,"33":2,"35":2,"37":2,"38":2,"39":2,"44":1,"51":2,"55":2,"59":2,"61":2,"69":1,"70":2,"76":2,"79":2,"82":2,"83":2,"85":1,"89":2,"92":1,"93":1,"94":1,"96":1,"97":1,"100":1,"101":1,"103":1,"106":1,"108":2,"114":1,"116":1,"118":1,"123":1,"124":2,"125":2,"126":3,"127":3,"128":3,"129":3,"130":1,"133":3,"134":3,"139":3,"143":1,"144":3,"145":1,"149":1,"150":1,"158":1,"160":1,"161":1,"162":1,"164":1,"166":1,"258":1,"259":1,"271":1,"274":6,"275":6,"277":1,"279":2,"281":1,"283":2,"288":1,"289":1,"291":1,"296":1,"303":1,"306":1,"307":1,"310":1,"311":1,"313":1,"314":1,"315":1,"316":1,"317":1,"318":1,"319":1,"321":1,"322":1,"324":1}},"/home/travis/build/npmtest/node-npmtest-vue-lazyload/node_modules/vue-lazyload/vue-lazyload.js":{"path":"/home/travis/build/npmtest/node-npmtest-vue-lazyload/node_modules/vue-lazyload/vue-lazyload.js","s":{"1":1,"2":1,"3":1,"4":0,"5":0,"6":0,"7":1,"8":0,"9":0,"10":0,"11":0,"12":0,"13":0,"14":1,"15":0,"16":0,"17":0,"18":0,"19":0,"20":1,"21":0,"22":0,"23":0,"24":0,"25":0,"26":0,"27":0,"28":0,"29":0,"30":0,"31":0,"32":0,"33":0,"34":0,"35":0,"36":0,"37":0,"38":0,"39":0,"40":1,"41":0,"42":0,"43":0,"44":0,"45":0,"46":1,"47":0,"48":0,"49":0,"50":0,"51":0,"52":0,"53":0,"54":0,"55":1,"56":0,"57":0,"58":0,"59":0,"60":0,"61":0,"62":1,"63":1,"64":0,"65":0,"66":0,"67":0,"68":0,"69":0,"70":1,"71":0,"72":1,"73":0,"74":0,"75":0,"76":0,"77":1,"78":1,"79":10,"80":10,"81":1,"82":1,"83":0,"84":0,"85":0,"86":0,"87":0,"88":0,"89":0,"90":0,"91":0,"92":0,"93":0,"94":0,"95":0,"96":0,"97":0,"98":0,"99":0,"100":0,"101":1,"102":0,"103":0,"104":1,"105":0,"106":0,"107":0,"108":0,"109":0,"110":0,"111":0,"112":0,"113":0,"114":0,"115":0,"116":0,"117":0,"118":0,"119":0,"120":0,"121":1,"122":0,"123":0,"124":0,"125":0,"126":0,"127":0,"128":0,"129":0,"130":0,"131":0,"132":0,"133":0,"134":0,"135":0,"136":0,"137":0,"138":0,"139":0,"140":0,"141":0,"142":0,"143":0,"144":0,"145":0,"146":0,"147":0,"148":0,"149":0,"150":0,"151":0,"152":0,"153":0,"154":0,"155":0,"156":0,"157":0,"158":0,"159":0,"160":0,"161":0,"162":0,"163":0,"164":0,"165":1,"166":0,"167":0,"168":0,"169":0,"170":0,"171":0,"172":0,"173":0,"174":0,"175":0,"176":0,"177":0,"178":0,"179":0,"180":0,"181":0,"182":0,"183":0,"184":0,"185":0,"186":0,"187":0,"188":0,"189":0,"190":0,"191":0,"192":0,"193":0,"194":0,"195":0,"196":0,"197":0,"198":1},"b":{"1":[1,0],"2":[1,1],"3":[0,0],"4":[0,0],"5":[0,0],"6":[0,0],"7":[0,0],"8":[0,0],"9":[0,0],"10":[0,0],"11":[0,0],"12":[0,0],"13":[0,0],"14":[0,0],"15":[0,0],"16":[0,0],"17":[0,0],"18":[0,0],"19":[0,0],"20":[0,0],"21":[0,0],"22":[0,0],"23":[0,0],"24":[0,0],"25":[0,1],"26":[0,0],"27":[0,0],"28":[1,0],"29":[1,1],"30":[0,0],"31":[0,0,0],"32":[0,0],"33":[10,10],"34":[10,10],"35":[1,1],"36":[1,0],"37":[0,0],"38":[0,0],"39":[0,0,0],"40":[0,0],"41":[0,0],"42":[0,0],"43":[0,0],"44":[0,0,0,0],"45":[0,0],"46":[0,0],"47":[0,0,0,0],"48":[0,0,0],"49":[0,0],"50":[0,0],"51":[0,0],"52":[0,0],"53":[0,0],"54":[0,0],"55":[0,0],"56":[0,0],"57":[0,0],"58":[0,0],"59":[0,0],"60":[0,0],"61":[0,0],"62":[0,0],"63":[0,0],"64":[0,0],"65":[0,0],"66":[0,0],"67":[0,0],"68":[0,0],"69":[0,0],"70":[0,0],"71":[0,0],"72":[0,0,0],"73":[0,0],"74":[0,0],"75":[0,0],"76":[0,0],"77":[0,0],"78":[0,0],"79":[0,0],"80":[0,0],"81":[0,0],"82":[0,0],"83":[0,0],"84":[0,0],"85":[0,0],"86":[0,0],"87":[0,0],"88":[0,0],"89":[0,0,0],"90":[0,0],"91":[0,0],"92":[0,0],"93":[0,0,0],"94":[0,0],"95":[0,0],"96":[0,0],"97":[0,0],"98":[0,0,0],"99":[0,0],"100":[0,0],"101":[0,0],"102":[0,0,0,0,0],"103":[0,0],"104":[0,0],"105":[0,0],"106":[0,0],"107":[0,0]},"f":{"1":1,"2":1,"3":0,"4":0,"5":0,"6":0,"7":0,"8":0,"9":0,"10":0,"11":0,"12":0,"13":0,"14":1,"15":0,"16":0,"17":0,"18":0,"19":0,"20":1,"21":1,"22":1,"23":0,"24":0,"25":0,"26":0,"27":0,"28":0,"29":0,"30":0,"31":0,"32":1,"33":0,"34":0,"35":0,"36":0,"37":0,"38":0,"39":0,"40":0,"41":0,"42":0,"43":0,"44":0,"45":0,"46":0,"47":0,"48":0,"49":0,"50":0,"51":0,"52":0,"53":0,"54":0,"55":0,"56":0,"57":0,"58":0,"59":0,"60":0,"61":0,"62":0,"63":0,"64":0,"65":0,"66":0,"67":0,"68":0,"69":0,"70":0,"71":0,"72":0,"73":0,"74":0,"75":0,"76":0,"77":0,"78":0,"79":0,"80":0,"81":0,"82":0,"83":0,"84":0,"85":0,"86":0,"87":0,"88":0,"89":0,"90":0},"fnMap":{"1":{"name":"(anonymous_1)","line":6,"loc":{"start":{"line":6,"column":1},"end":{"line":6,"column":14}}},"2":{"name":"(anonymous_2)","line":6,"loc":{"start":{"line":6,"column":159},"end":{"line":6,"column":169}}},"3":{"name":"e","line":6,"loc":{"start":{"line":6,"column":183},"end":{"line":6,"column":198}}},"4":{"name":"t","line":6,"loc":{"start":{"line":6,"column":265},"end":{"line":6,"column":280}}},"5":{"name":"n","line":6,"loc":{"start":{"line":6,"column":361},"end":{"line":6,"column":376}}},"6":{"name":"i","line":6,"loc":{"start":{"line":6,"column":445},"end":{"line":6,"column":460}}},"7":{"name":"(anonymous_7)","line":6,"loc":{"start":{"line":6,"column":643},"end":{"line":6,"column":654}}},"8":{"name":"(anonymous_8)","line":6,"loc":{"start":{"line":6,"column":792},"end":{"line":6,"column":805}}},"9":{"name":"r","line":6,"loc":{"start":{"line":6,"column":1070},"end":{"line":6,"column":1085}}},"10":{"name":"o","line":6,"loc":{"start":{"line":6,"column":1160},"end":{"line":6,"column":1172}}},"11":{"name":"a","line":6,"loc":{"start":{"line":6,"column":1364},"end":{"line":6,"column":1379}}},"12":{"name":"(anonymous_12)","line":6,"loc":{"start":{"line":6,"column":1402},"end":{"line":6,"column":1412}}},"13":{"name":"(anonymous_13)","line":6,"loc":{"start":{"line":6,"column":1460},"end":{"line":6,"column":1470}}},"14":{"name":"s","line":6,"loc":{"start":{"line":6,"column":1532},"end":{"line":6,"column":1544}}},"15":{"name":"(anonymous_15)","line":6,"loc":{"start":{"line":6,"column":1610},"end":{"line":6,"column":1620}}},"16":{"name":"u","line":6,"loc":{"start":{"line":6,"column":1688},"end":{"line":6,"column":1701}}},"17":{"name":"(anonymous_17)","line":6,"loc":{"start":{"line":6,"column":1837},"end":{"line":6,"column":1848}}},"18":{"name":"(anonymous_18)","line":6,"loc":{"start":{"line":6,"column":1866},"end":{"line":6,"column":1877}}},"19":{"name":"(anonymous_19)","line":6,"loc":{"start":{"line":6,"column":1959},"end":{"line":6,"column":1972}}},"20":{"name":"(anonymous_20)","line":6,"loc":{"start":{"line":6,"column":2054},"end":{"line":6,"column":2064}}},"21":{"name":"e","line":6,"loc":{"start":{"line":6,"column":2065},"end":{"line":6,"column":2080}}},"22":{"name":"(anonymous_22)","line":6,"loc":{"start":{"line":6,"column":2238},"end":{"line":6,"column":2253}}},"23":{"name":"(anonymous_23)","line":6,"loc":{"start":{"line":6,"column":2328},"end":{"line":6,"column":2338}}},"24":{"name":"(anonymous_24)","line":6,"loc":{"start":{"line":6,"column":2452},"end":{"line":6,"column":2467}}},"25":{"name":"(anonymous_25)","line":6,"loc":{"start":{"line":6,"column":2539},"end":{"line":6,"column":2554}}},"26":{"name":"(anonymous_26)","line":6,"loc":{"start":{"line":6,"column":2586},"end":{"line":6,"column":2601}}},"27":{"name":"(anonymous_27)","line":6,"loc":{"start":{"line":6,"column":2639},"end":{"line":6,"column":2649}}},"28":{"name":"(anonymous_28)","line":6,"loc":{"start":{"line":6,"column":2734},"end":{"line":6,"column":2745}}},"29":{"name":"(anonymous_29)","line":6,"loc":{"start":{"line":6,"column":2755},"end":{"line":6,"column":2768}}},"30":{"name":"(anonymous_30)","line":6,"loc":{"start":{"line":6,"column":2871},"end":{"line":6,"column":2882}}},"31":{"name":"(anonymous_31)","line":6,"loc":{"start":{"line":6,"column":2945},"end":{"line":6,"column":2956}}},"32":{"name":"(anonymous_32)","line":6,"loc":{"start":{"line":6,"column":3164},"end":{"line":6,"column":3174}}},"33":{"name":"e","line":6,"loc":{"start":{"line":6,"column":3175},"end":{"line":6,"column":3188}}},"34":{"name":"(anonymous_34)","line":6,"loc":{"start":{"line":6,"column":3656},"end":{"line":6,"column":3666}}},"35":{"name":"(anonymous_35)","line":6,"loc":{"start":{"line":6,"column":3733},"end":{"line":6,"column":3744}}},"36":{"name":"(anonymous_36)","line":6,"loc":{"start":{"line":6,"column":3802},"end":{"line":6,"column":3813}}},"37":{"name":"(anonymous_37)","line":6,"loc":{"start":{"line":6,"column":3983},"end":{"line":6,"column":3993}}},"38":{"name":"(anonymous_38)","line":6,"loc":{"start":{"line":6,"column":4063},"end":{"line":6,"column":4073}}},"39":{"name":"(anonymous_39)","line":6,"loc":{"start":{"line":6,"column":4288},"end":{"line":6,"column":4298}}},"40":{"name":"(anonymous_40)","line":6,"loc":{"start":{"line":6,"column":4515},"end":{"line":6,"column":4525}}},"41":{"name":"(anonymous_41)","line":6,"loc":{"start":{"line":6,"column":4795},"end":{"line":6,"column":4806}}},"42":{"name":"(anonymous_42)","line":6,"loc":{"start":{"line":6,"column":4958},"end":{"line":6,"column":4969}}},"43":{"name":"(anonymous_43)","line":6,"loc":{"start":{"line":6,"column":5051},"end":{"line":6,"column":5064}}},"44":{"name":"(anonymous_44)","line":6,"loc":{"start":{"line":6,"column":5118},"end":{"line":6,"column":5128}}},"45":{"name":"(anonymous_45)","line":6,"loc":{"start":{"line":6,"column":5339},"end":{"line":6,"column":5349}}},"46":{"name":"(anonymous_46)","line":6,"loc":{"start":{"line":6,"column":5625},"end":{"line":6,"column":5636}}},"47":{"name":"(anonymous_47)","line":6,"loc":{"start":{"line":6,"column":5644},"end":{"line":6,"column":5654}}},"48":{"name":"d","line":6,"loc":{"start":{"line":6,"column":5655},"end":{"line":6,"column":5668}}},"49":{"name":"(anonymous_49)","line":6,"loc":{"start":{"line":6,"column":6107},"end":{"line":6,"column":6117}}},"50":{"name":"(anonymous_50)","line":6,"loc":{"start":{"line":6,"column":6151},"end":{"line":6,"column":6162}}},"51":{"name":"(anonymous_51)","line":6,"loc":{"start":{"line":6,"column":6251},"end":{"line":6,"column":6261}}},"52":{"name":"(anonymous_52)","line":6,"loc":{"start":{"line":6,"column":6370},"end":{"line":6,"column":6381}}},"53":{"name":"(anonymous_53)","line":6,"loc":{"start":{"line":6,"column":6547},"end":{"line":6,"column":6558}}},"54":{"name":"(anonymous_54)","line":6,"loc":{"start":{"line":6,"column":6590},"end":{"line":6,"column":6601}}},"55":{"name":"(anonymous_55)","line":6,"loc":{"start":{"line":6,"column":6813},"end":{"line":6,"column":6824}}},"56":{"name":"(anonymous_56)","line":6,"loc":{"start":{"line":6,"column":6861},"end":{"line":6,"column":6874}}},"57":{"name":"(anonymous_57)","line":6,"loc":{"start":{"line":6,"column":7000},"end":{"line":6,"column":7015}}},"58":{"name":"(anonymous_58)","line":6,"loc":{"start":{"line":6,"column":7051},"end":{"line":6,"column":7062}}},"59":{"name":"(anonymous_59)","line":6,"loc":{"start":{"line":6,"column":7214},"end":{"line":6,"column":7224}}},"60":{"name":"(anonymous_60)","line":6,"loc":{"start":{"line":6,"column":7604},"end":{"line":6,"column":7614}}},"61":{"name":"(anonymous_61)","line":6,"loc":{"start":{"line":6,"column":7668},"end":{"line":6,"column":7681}}},"62":{"name":"(anonymous_62)","line":6,"loc":{"start":{"line":6,"column":7777},"end":{"line":6,"column":7788}}},"63":{"name":"(anonymous_63)","line":6,"loc":{"start":{"line":6,"column":7880},"end":{"line":6,"column":7890}}},"64":{"name":"(anonymous_64)","line":6,"loc":{"start":{"line":6,"column":7942},"end":{"line":6,"column":7953}}},"65":{"name":"(anonymous_65)","line":6,"loc":{"start":{"line":6,"column":7987},"end":{"line":6,"column":7998}}},"66":{"name":"(anonymous_66)","line":6,"loc":{"start":{"line":6,"column":8164},"end":{"line":6,"column":8175}}},"67":{"name":"(anonymous_67)","line":6,"loc":{"start":{"line":6,"column":8340},"end":{"line":6,"column":8353}}},"68":{"name":"(anonymous_68)","line":6,"loc":{"start":{"line":6,"column":8399},"end":{"line":6,"column":8410}}},"69":{"name":"(anonymous_69)","line":6,"loc":{"start":{"line":6,"column":8484},"end":{"line":6,"column":8494}}},"70":{"name":"(anonymous_70)","line":6,"loc":{"start":{"line":6,"column":8570},"end":{"line":6,"column":8583}}},"71":{"name":"(anonymous_71)","line":6,"loc":{"start":{"line":6,"column":8625},"end":{"line":6,"column":8638}}},"72":{"name":"i","line":6,"loc":{"start":{"line":6,"column":8639},"end":{"line":6,"column":8651}}},"73":{"name":"(anonymous_73)","line":6,"loc":{"start":{"line":6,"column":8715},"end":{"line":6,"column":8728}}},"74":{"name":"(anonymous_74)","line":6,"loc":{"start":{"line":6,"column":8811},"end":{"line":6,"column":8826}}},"75":{"name":"(anonymous_75)","line":6,"loc":{"start":{"line":6,"column":8856},"end":{"line":6,"column":8867}}},"76":{"name":"(anonymous_76)","line":6,"loc":{"start":{"line":6,"column":8912},"end":{"line":6,"column":8922}}},"77":{"name":"(anonymous_77)","line":6,"loc":{"start":{"line":6,"column":8962},"end":{"line":6,"column":8973}}},"78":{"name":"(anonymous_78)","line":6,"loc":{"start":{"line":6,"column":9028},"end":{"line":6,"column":9043}}},"79":{"name":"(anonymous_79)","line":6,"loc":{"start":{"line":6,"column":9388},"end":{"line":6,"column":9399}}},"80":{"name":"(anonymous_80)","line":6,"loc":{"start":{"line":6,"column":9661},"end":{"line":6,"column":9672}}},"81":{"name":"(anonymous_81)","line":6,"loc":{"start":{"line":6,"column":9727},"end":{"line":6,"column":9738}}},"82":{"name":"(anonymous_82)","line":6,"loc":{"start":{"line":6,"column":9816},"end":{"line":6,"column":9826}}},"83":{"name":"(anonymous_83)","line":6,"loc":{"start":{"line":6,"column":9878},"end":{"line":6,"column":9888}}},"84":{"name":"(anonymous_84)","line":6,"loc":{"start":{"line":6,"column":9943},"end":{"line":6,"column":9953}}},"85":{"name":"(anonymous_85)","line":6,"loc":{"start":{"line":6,"column":9996},"end":{"line":6,"column":10006}}},"86":{"name":"(anonymous_86)","line":6,"loc":{"start":{"line":6,"column":10063},"end":{"line":6,"column":10073}}},"87":{"name":"(anonymous_87)","line":6,"loc":{"start":{"line":6,"column":10247},"end":{"line":6,"column":10257}}},"88":{"name":"(anonymous_88)","line":6,"loc":{"start":{"line":6,"column":10331},"end":{"line":6,"column":10342}}},"89":{"name":"(anonymous_89)","line":6,"loc":{"start":{"line":6,"column":10725},"end":{"line":6,"column":10738}}},"90":{"name":"(anonymous_90)","line":6,"loc":{"start":{"line":6,"column":10873},"end":{"line":6,"column":10883}}}},"statementMap":{"1":{"start":{"line":6,"column":0},"end":{"line":6,"column":10918}},"2":{"start":{"line":6,"column":15},"end":{"line":6,"column":152}},"3":{"start":{"line":6,"column":183},"end":{"line":6,"column":265}},"4":{"start":{"line":6,"column":199},"end":{"line":6,"column":264}},"5":{"start":{"line":6,"column":212},"end":{"line":6,"column":231}},"6":{"start":{"line":6,"column":231},"end":{"line":6,"column":263}},"7":{"start":{"line":6,"column":265},"end":{"line":6,"column":361}},"8":{"start":{"line":6,"column":281},"end":{"line":6,"column":304}},"9":{"start":{"line":6,"column":291},"end":{"line":6,"column":304}},"10":{"start":{"line":6,"column":304},"end":{"line":6,"column":352}},"11":{"start":{"line":6,"column":327},"end":{"line":6,"column":352}},"12":{"start":{"line":6,"column":342},"end":{"line":6,"column":352}},"13":{"start":{"line":6,"column":352},"end":{"line":6,"column":360}},"14":{"start":{"line":6,"column":361},"end":{"line":6,"column":445}},"15":{"start":{"line":6,"column":377},"end":{"line":6,"column":436}},"16":{"start":{"line":6,"column":413},"end":{"line":6,"column":436}},"17":{"start":{"line":6,"column":425},"end":{"line":6,"column":430}},"18":{"start":{"line":6,"column":430},"end":{"line":6,"column":435}},"19":{"start":{"line":6,"column":436},"end":{"line":6,"column":444}},"20":{"start":{"line":6,"column":445},"end":{"line":6,"column":1070}},"21":{"start":{"line":6,"column":461},"end":{"line":6,"column":1069}},"22":{"start":{"line":6,"column":514},"end":{"line":6,"column":615}},"23":{"start":{"line":6,"column":615},"end":{"line":6,"column":983}},"24":{"start":{"line":6,"column":655},"end":{"line":6,"column":782}},"25":{"start":{"line":6,"column":806},"end":{"line":6,"column":828}},"26":{"start":{"line":6,"column":819},"end":{"line":6,"column":828}},"27":{"start":{"line":6,"column":828},"end":{"line":6,"column":850}},"28":{"start":{"line":6,"column":841},"end":{"line":6,"column":850}},"29":{"start":{"line":6,"column":850},"end":{"line":6,"column":972}},"30":{"start":{"line":6,"column":866},"end":{"line":6,"column":919}},"31":{"start":{"line":6,"column":910},"end":{"line":6,"column":919}},"32":{"start":{"line":6,"column":919},"end":{"line":6,"column":971}},"33":{"start":{"line":6,"column":963},"end":{"line":6,"column":971}},"34":{"start":{"line":6,"column":972},"end":{"line":6,"column":980}},"35":{"start":{"line":6,"column":983},"end":{"line":6,"column":1060}},"36":{"start":{"line":6,"column":1028},"end":{"line":6,"column":1060}},"37":{"start":{"line":6,"column":1047},"end":{"line":6,"column":1054}},"38":{"start":{"line":6,"column":1054},"end":{"line":6,"column":1059}},"39":{"start":{"line":6,"column":1060},"end":{"line":6,"column":1068}},"40":{"start":{"line":6,"column":1070},"end":{"line":6,"column":1160}},"41":{"start":{"line":6,"column":1086},"end":{"line":6,"column":1151}},"42":{"start":{"line":6,"column":1126},"end":{"line":6,"column":1151}},"43":{"start":{"line":6,"column":1138},"end":{"line":6,"column":1145}},"44":{"start":{"line":6,"column":1145},"end":{"line":6,"column":1150}},"45":{"start":{"line":6,"column":1151},"end":{"line":6,"column":1159}},"46":{"start":{"line":6,"column":1160},"end":{"line":6,"column":1364}},"47":{"start":{"line":6,"column":1173},"end":{"line":6,"column":1188}},"48":{"start":{"line":6,"column":1179},"end":{"line":6,"column":1188}},"49":{"start":{"line":6,"column":1188},"end":{"line":6,"column":1208}},"50":{"start":{"line":6,"column":1208},"end":{"line":6,"column":1355}},"51":{"start":{"line":6,"column":1212},"end":{"line":6,"column":1244}},"52":{"start":{"line":6,"column":1244},"end":{"line":6,"column":1340}},"53":{"start":{"line":6,"column":1350},"end":{"line":6,"column":1354}},"54":{"start":{"line":6,"column":1355},"end":{"line":6,"column":1363}},"55":{"start":{"line":6,"column":1364},"end":{"line":6,"column":1532}},"56":{"start":{"line":6,"column":1380},"end":{"line":6,"column":1395}},"57":{"start":{"line":6,"column":1395},"end":{"line":6,"column":1531}},"58":{"start":{"line":6,"column":1413},"end":{"line":6,"column":1530}},"59":{"start":{"line":6,"column":1420},"end":{"line":6,"column":1503}},"60":{"start":{"line":6,"column":1471},"end":{"line":6,"column":1501}},"61":{"start":{"line":6,"column":1503},"end":{"line":6,"column":1529}},"62":{"start":{"line":6,"column":1532},"end":{"line":6,"column":1688}},"63":{"start":{"line":6,"column":1545},"end":{"line":6,"column":1687}},"64":{"start":{"line":6,"column":1551},"end":{"line":6,"column":1560}},"65":{"start":{"line":6,"column":1560},"end":{"line":6,"column":1678}},"66":{"start":{"line":6,"column":1564},"end":{"line":6,"column":1629}},"67":{"start":{"line":6,"column":1621},"end":{"line":6,"column":1625}},"68":{"start":{"line":6,"column":1629},"end":{"line":6,"column":1667}},"69":{"start":{"line":6,"column":1678},"end":{"line":6,"column":1686}},"70":{"start":{"line":6,"column":1688},"end":{"line":6,"column":1771}},"71":{"start":{"line":6,"column":1702},"end":{"line":6,"column":1770}},"72":{"start":{"line":6,"column":1771},"end":{"line":6,"column":10907}},"73":{"start":{"line":6,"column":1849},"end":{"line":6,"column":1864}},"74":{"start":{"line":6,"column":1878},"end":{"line":6,"column":1955}},"75":{"start":{"line":6,"column":1973},"end":{"line":6,"column":2050}},"76":{"start":{"line":6,"column":1994},"end":{"line":6,"column":2050}},"77":{"start":{"line":6,"column":2065},"end":{"line":6,"column":2231}},"78":{"start":{"line":6,"column":2081},"end":{"line":6,"column":2230}},"79":{"start":{"line":6,"column":2109},"end":{"line":6,"column":2120}},"80":{"start":{"line":6,"column":2120},"end":{"line":6,"column":2229}},"81":{"start":{"line":6,"column":2231},"end":{"line":6,"column":2293}},"82":{"start":{"line":6,"column":2254},"end":{"line":6,"column":2292}},"83":{"start":{"line":6,"column":2339},"end":{"line":6,"column":2402}},"84":{"start":{"line":6,"column":2402},"end":{"line":6,"column":2438}},"85":{"start":{"line":6,"column":2468},"end":{"line":6,"column":2533}},"86":{"start":{"line":6,"column":2555},"end":{"line":6,"column":2581}},"87":{"start":{"line":6,"column":2602},"end":{"line":6,"column":2618}},"88":{"start":{"line":6,"column":2618},"end":{"line":6,"column":2751}},"89":{"start":{"line":6,"column":2650},"end":{"line":6,"column":2722}},"90":{"start":{"line":6,"column":2746},"end":{"line":6,"column":2750}},"91":{"start":{"line":6,"column":2769},"end":{"line":6,"column":2867}},"92":{"start":{"line":6,"column":2883},"end":{"line":6,"column":2941}},"93":{"start":{"line":6,"column":2957},"end":{"line":6,"column":3155}},"94":{"start":{"line":6,"column":2963},"end":{"line":6,"column":3008}},"95":{"start":{"line":6,"column":2994},"end":{"line":6,"column":3008}},"96":{"start":{"line":6,"column":3008},"end":{"line":6,"column":3141}},"97":{"start":{"line":6,"column":3087},"end":{"line":6,"column":3126}},"98":{"start":{"line":6,"column":3117},"end":{"line":6,"column":3126}},"99":{"start":{"line":6,"column":3126},"end":{"line":6,"column":3140}},"100":{"start":{"line":6,"column":3141},"end":{"line":6,"column":3154}},"101":{"start":{"line":6,"column":3175},"end":{"line":6,"column":3621}},"102":{"start":{"line":6,"column":3189},"end":{"line":6,"column":3282}},"103":{"start":{"line":6,"column":3282},"end":{"line":6,"column":3620}},"104":{"start":{"line":6,"column":3621},"end":{"line":6,"column":5450}},"105":{"start":{"line":6,"column":3667},"end":{"line":6,"column":3710}},"106":{"start":{"line":6,"column":3745},"end":{"line":6,"column":3779}},"107":{"start":{"line":6,"column":3814},"end":{"line":6,"column":3859}},"108":{"start":{"line":6,"column":3859},"end":{"line":6,"column":3959}},"109":{"start":{"line":6,"column":3994},"end":{"line":6,"column":4035}},"110":{"start":{"line":6,"column":4074},"end":{"line":6,"column":4265}},"111":{"start":{"line":6,"column":4299},"end":{"line":6,"column":4494}},"112":{"start":{"line":6,"column":4526},"end":{"line":6,"column":4537}},"113":{"start":{"line":6,"column":4537},"end":{"line":6,"column":5028}},"114":{"start":{"line":6,"column":4807},"end":{"line":6,"column":4956}},"115":{"start":{"line":6,"column":4970},"end":{"line":6,"column":5025}},"116":{"start":{"line":6,"column":5065},"end":{"line":6,"column":5090}},"117":{"start":{"line":6,"column":5129},"end":{"line":6,"column":5149}},"118":{"start":{"line":6,"column":5149},"end":{"line":6,"column":5315}},"119":{"start":{"line":6,"column":5350},"end":{"line":6,"column":5444}},"120":{"start":{"line":6,"column":5637},"end":{"line":6,"column":9657}},"121":{"start":{"line":6,"column":5655},"end":{"line":6,"column":6219}},"122":{"start":{"line":6,"column":5669},"end":{"line":6,"column":5814}},"123":{"start":{"line":6,"column":5814},"end":{"line":6,"column":6218}},"124":{"start":{"line":6,"column":6118},"end":{"line":6,"column":6127}},"125":{"start":{"line":6,"column":6127},"end":{"line":6,"column":6212}},"126":{"start":{"line":6,"column":6163},"end":{"line":6,"column":6210}},"127":{"start":{"line":6,"column":6219},"end":{"line":6,"column":9654}},"128":{"start":{"line":6,"column":6262},"end":{"line":6,"column":6326}},"129":{"start":{"line":6,"column":6326},"end":{"line":6,"column":6343}},"130":{"start":{"line":6,"column":6382},"end":{"line":6,"column":6512}},"131":{"start":{"line":6,"column":6559},"end":{"line":6,"column":6775}},"132":{"start":{"line":6,"column":6565},"end":{"line":6,"column":6620}},"133":{"start":{"line":6,"column":6602},"end":{"line":6,"column":6617}},"134":{"start":{"line":6,"column":6620},"end":{"line":6,"column":6774}},"135":{"start":{"line":6,"column":6825},"end":{"line":6,"column":6836}},"136":{"start":{"line":6,"column":6836},"end":{"line":6,"column":6980}},"137":{"start":{"line":6,"column":6875},"end":{"line":6,"column":6978}},"138":{"start":{"line":6,"column":7016},"end":{"line":6,"column":7027}},"139":{"start":{"line":6,"column":7027},"end":{"line":6,"column":7138}},"140":{"start":{"line":6,"column":7063},"end":{"line":6,"column":7078}},"141":{"start":{"line":6,"column":7081},"end":{"line":6,"column":7138}},"142":{"start":{"line":6,"column":7138},"end":{"line":6,"column":7203}},"143":{"start":{"line":6,"column":7203},"end":{"line":6,"column":7645}},"144":{"start":{"line":6,"column":7225},"end":{"line":6,"column":7251}},"145":{"start":{"line":6,"column":7251},"end":{"line":6,"column":7294}},"146":{"start":{"line":6,"column":7294},"end":{"line":6,"column":7372}},"147":{"start":{"line":6,"column":7372},"end":{"line":6,"column":7491}},"148":{"start":{"line":6,"column":7491},"end":{"line":6,"column":7643}},"149":{"start":{"line":6,"column":7615},"end":{"line":6,"column":7641}},"150":{"start":{"line":6,"column":7682},"end":{"line":6,"column":7807}},"151":{"start":{"line":6,"column":7789},"end":{"line":6,"column":7804}},"152":{"start":{"line":6,"column":7807},"end":{"line":6,"column":7919}},"153":{"start":{"line":6,"column":7891},"end":{"line":6,"column":7917}},"154":{"start":{"line":6,"column":7954},"end":{"line":6,"column":8132}},"155":{"start":{"line":6,"column":7960},"end":{"line":6,"column":8017}},"156":{"start":{"line":6,"column":7999},"end":{"line":6,"column":8014}},"157":{"start":{"line":6,"column":8017},"end":{"line":6,"column":8131}},"158":{"start":{"line":6,"column":8176},"end":{"line":6,"column":8313}},"159":{"start":{"line":6,"column":8354},"end":{"line":6,"column":8365}},"160":{"start":{"line":6,"column":8365},"end":{"line":6,"column":8458}},"161":{"start":{"line":6,"column":8411},"end":{"line":6,"column":8456}},"162":{"start":{"line":6,"column":8495},"end":{"line":6,"column":8506}},"163":{"start":{"line":6,"column":8506},"end":{"line":6,"column":8884}},"164":{"start":{"line":6,"column":8584},"end":{"line":6,"column":8612}},"165":{"start":{"line":6,"column":8639},"end":{"line":6,"column":8685}},"166":{"start":{"line":6,"column":8652},"end":{"line":6,"column":8684}},"167":{"start":{"line":6,"column":8685},"end":{"line":6,"column":8693}},"168":{"start":{"line":6,"column":8693},"end":{"line":6,"column":8703}},"169":{"start":{"line":6,"column":8729},"end":{"line":6,"column":8798}},"170":{"start":{"line":6,"column":8827},"end":{"line":6,"column":8883}},"171":{"start":{"line":6,"column":8868},"end":{"line":6,"column":8881}},"172":{"start":{"line":6,"column":8923},"end":{"line":6,"column":8932}},"173":{"start":{"line":6,"column":8932},"end":{"line":6,"column":9001}},"174":{"start":{"line":6,"column":8974},"end":{"line":6,"column":8997}},"175":{"start":{"line":6,"column":9044},"end":{"line":6,"column":9357}},"176":{"start":{"line":6,"column":9053},"end":{"line":6,"column":9086}},"177":{"start":{"line":6,"column":9086},"end":{"line":6,"column":9172}},"178":{"start":{"line":6,"column":9110},"end":{"line":6,"column":9122}},"179":{"start":{"line":6,"column":9122},"end":{"line":6,"column":9128}},"180":{"start":{"line":6,"column":9140},"end":{"line":6,"column":9150}},"181":{"start":{"line":6,"column":9150},"end":{"line":6,"column":9156}},"182":{"start":{"line":6,"column":9164},"end":{"line":6,"column":9171}},"183":{"start":{"line":6,"column":9172},"end":{"line":6,"column":9356}},"184":{"start":{"line":6,"column":9400},"end":{"line":6,"column":9452}},"185":{"start":{"line":6,"column":9452},"end":{"line":6,"column":9648}},"186":{"start":{"line":6,"column":9673},"end":{"line":6,"column":10318}},"187":{"start":{"line":6,"column":9739},"end":{"line":6,"column":9809}},"188":{"start":{"line":6,"column":9827},"end":{"line":6,"column":9868}},"189":{"start":{"line":6,"column":9889},"end":{"line":6,"column":9927}},"190":{"start":{"line":6,"column":9954},"end":{"line":6,"column":9977}},"191":{"start":{"line":6,"column":10007},"end":{"line":6,"column":10049}},"192":{"start":{"line":6,"column":10074},"end":{"line":6,"column":10240}},"193":{"start":{"line":6,"column":10258},"end":{"line":6,"column":10315}},"194":{"start":{"line":6,"column":10343},"end":{"line":6,"column":10457}},"195":{"start":{"line":6,"column":10457},"end":{"line":6,"column":10904}},"196":{"start":{"line":6,"column":10739},"end":{"line":6,"column":10864}},"197":{"start":{"line":6,"column":10884},"end":{"line":6,"column":10901}},"198":{"start":{"line":6,"column":10907},"end":{"line":6,"column":10915}}},"branchMap":{"1":{"line":6,"type":"cond-expr","locations":[{"start":{"line":6,"column":68},"end":{"line":6,"column":86}},{"start":{"line":6,"column":87},"end":{"line":6,"column":152}}]},"2":{"line":6,"type":"binary-expr","locations":[{"start":{"line":6,"column":15},"end":{"line":6,"column":39}},{"start":{"line":6,"column":41},"end":{"line":6,"column":67}}]},"3":{"line":6,"type":"cond-expr","locations":[{"start":{"line":6,"column":125},"end":{"line":6,"column":134}},{"start":{"line":6,"column":135},"end":{"line":6,"column":152}}]},"4":{"line":6,"type":"binary-expr","locations":[{"start":{"line":6,"column":87},"end":{"line":6,"column":112}},{"start":{"line":6,"column":114},"end":{"line":6,"column":124}}]},"5":{"line":6,"type":"if","locations":[{"start":{"line":6,"column":199},"end":{"line":6,"column":199}},{"start":{"line":6,"column":199},"end":{"line":6,"column":199}}]},"6":{"line":6,"type":"cond-expr","locations":[{"start":{"line":6,"column":243},"end":{"line":6,"column":256}},{"start":{"line":6,"column":257},"end":{"line":6,"column":263}}]},"7":{"line":6,"type":"if","locations":[{"start":{"line":6,"column":281},"end":{"line":6,"column":281}},{"start":{"line":6,"column":281},"end":{"line":6,"column":281}}]},"8":{"line":6,"type":"binary-expr","locations":[{"start":{"line":6,"column":284},"end":{"line":6,"column":286}},{"start":{"line":6,"column":288},"end":{"line":6,"column":290}}]},"9":{"line":6,"type":"binary-expr","locations":[{"start":{"line":6,"column":298},"end":{"line":6,"column":299}},{"start":{"line":6,"column":301},"end":{"line":6,"column":303}}]},"10":{"line":6,"type":"if","locations":[{"start":{"line":6,"column":304},"end":{"line":6,"column":304}},{"start":{"line":6,"column":304},"end":{"line":6,"column":304}}]},"11":{"line":6,"type":"if","locations":[{"start":{"line":6,"column":413},"end":{"line":6,"column":413}},{"start":{"line":6,"column":413},"end":{"line":6,"column":413}}]},"12":{"line":6,"type":"if","locations":[{"start":{"line":6,"column":461},"end":{"line":6,"column":461}},{"start":{"line":6,"column":461},"end":{"line":6,"column":461}}]},"13":{"line":6,"type":"binary-expr","locations":[{"start":{"line":6,"column":464},"end":{"line":6,"column":481}},{"start":{"line":6,"column":483},"end":{"line":6,"column":512}}]},"14":{"line":6,"type":"cond-expr","locations":[{"start":{"line":6,"column":695},"end":{"line
[...]
column":5976}},{"start":{"line":6,"column":5978},"end":{"line":6,"column":5979}}]},"63":{"line":6,"type":"binary-expr","locations":[{"start":{"line":6,"column":5986},"end":{"line":6,"column":5987}},{"start":{"line":6,"column":5989},"end":{"line":6,"column":5993}}]},"64":{"line":6,"type":"binary-expr","locations":[{"start":{"line":6,"column":6007},"end":{"line":6,"column":6008}},{"start":{"line":6,"column":6010},"end":{"line":6,"column":6011}}]},"65":{"line":6,"type":"binary-expr","locations":[{"start":{"line":6,"column":6046},"end":{"line":6,"column":6047}},{"start":{"line":6,"column":6049},"end":{"line":6,"column":6051}}]},"66":{"line":6,"type":"binary-expr","locations":[{"start":{"line":6,"column":6060},"end":{"line":6,"column":6061}},{"start":{"line":6,"column":6063},"end":{"line":6,"column":6065}}]},"67":{"line":6,"type":"binary-expr","locations":[{"start":{"line":6,"column":6163},"end":{"line":6,"column":6177}},{"start":{"line":6,"column":6180},"end":{"line":6,"column":6209}}]},"68":{"line":6,"type":"binary-expr","locations":[{"start":{"line":6,"column":6198},"end":{"line":6,"column":6199}},{"start":{"line":6,"column":6201},"end":{"line":6,"column":6209}}]},"69":{"line":6,"type":"cond-expr","locations":[{"start":{"line":6,"column":6310},"end":{"line":6,"column":6322}},{"start":{"line":6,"column":6323},"end":{"line":6,"column":6325}}]},"70":{"line":6,"type":"binary-expr","locations":[{"start":{"line":6,"column":6268},"end":{"line":6,"column":6286}},{"start":{"line":6,"column":6288},"end":{"line":6,"column":6309}}]},"71":{"line":6,"type":"binary-expr","locations":[{"start":{"line":6,"column":6409},"end":{"line":6,"column":6410}},{"start":{"line":6,"column":6413},"end":{"line":6,"column":6511}}]},"72":{"line":6,"type":"binary-expr","locations":[{"start":{"line":6,"column":6445},"end":{"line":6,"column":6450}},{"start":{"line":6,"column":6452},"end":{"line":6,"column":6468}},{"start":{"line":6,"column":6470},"end":{"line":6,"column":6511}}]},"73":{"line":6,"type":"if","locations":[{"start":{"line":6,"column":6559},"end":{"line":6,"column":6559}},{"start":{"line":6,"column":6559},"end":{"line":6,"column":6559}}]},"74":{"line":6,"type":"cond-expr","locations":[{"start":{"line":6,"column":6629},"end":{"line":6,"column":6646}},{"start":{"line":6,"column":6648},"end":{"line":6,"column":6756}}]},"75":{"line":6,"type":"binary-expr","locations":[{"start":{"line":6,"column":6875},"end":{"line":6,"column":6883}},{"start":{"line":6,"column":6886},"end":{"line":6,"column":6977}}]},"76":{"line":6,"type":"binary-expr","locations":[{"start":{"line":6,"column":6904},"end":{"line":6,"column":6919}},{"start":{"line":6,"column":6922},"end":{"line":6,"column":6976}}]},"77":{"line":6,"type":"if","locations":[{"start":{"line":6,"column":7027},"end":{"line":6,"column":7027}},{"start":{"line":6,"column":7027},"end":{"line":6,"column":7027}}]},"78":{"line":6,"type":"binary-expr","locations":[{"start":{"line":6,"column":7227},"end":{"line":6,"column":7247}},{"start":{"line":6,"column":7249},"end":{"line":6,"column":7250}}]},"79":{"line":6,"type":"binary-expr","locations":[{"start":{"line":6,"column":7294},"end":{"line":6,"column":7295}},{"start":{"line":6,"column":7298},"end":{"line":6,"column":7358}}]},"80":{"line":6,"type":"cond-expr","locations":[{"start":{"line":6,"column":7323},"end":{"line":6,"column":7331}},{"start":{"line":6,"column":7332},"end":{"line":6,"column":7358}}]},"81":{"line":6,"type":"binary-expr","locations":[{"start":{"line":6,"column":7323},"end":{"line":6,"column":7328}},{"start":{"line":6,"column":7330},"end":{"line":6,"column":7331}}]},"82":{"line":6,"type":"binary-expr","locations":[{"start":{"line":6,"column":7360},"end":{"line":6,"column":7361}},{"start":{"line":6,"column":7364},"end":{"line":6,"column":7370}}]},"83":{"line":6,"type":"binary-expr","locations":[{"start":{"line":6,"column":7515},"end":{"line":6,"column":7516}},{"start":{"line":6,"column":7519},"end":{"line":6,"column":7571}}]},"84":{"line":6,"type":"binary-expr","locations":[{"start":{"line":6,"column":7807},"end":{"line":6,"column":7808}},{"start":{"line":6,"column":7810},"end":{"line":6,"column":7845}}]},"85":{"line":6,"type":"if","locations":[{"start":{"line":6,"column":7954},"end":{"line":6,"column":7954}},{"start":{"line":6,"column":7954},"end":{"line":6,"column":7954}}]},"86":{"line":6,"type":"binary-expr","locations":[{"start":{"line":6,"column":8017},"end":{"line":6,"column":8018}},{"start":{"line":6,"column":8021},"end":{"line":6,"column":8130}}]},"87":{"line":6,"type":"binary-expr","locations":[{"start":{"line":6,"column":8094},"end":{"line":6,"column":8117}},{"start":{"line":6,"column":8119},"end":{"line":6,"column":8130}}]},"88":{"line":6,"type":"binary-expr","locations":[{"start":{"line":6,"column":8176},"end":{"line":6,"column":8177}},{"start":{"line":6,"column":8180},"end":{"line":6,"column":8312}}]},"89":{"line":6,"type":"binary-expr","locations":[{"start":{"line":6,"column":8204},"end":{"line":6,"column":8213}},{"start":{"line":6,"column":8215},"end":{"line":6,"column":8231}},{"start":{"line":6,"column":8233},"end":{"line":6,"column":8277}}]},"90":{"line":6,"type":"cond-expr","locations":[{"start":{"line":6,"column":8422},"end":{"line":6,"column":8426}},{"start":{"line":6,"column":8427},"end":{"line":6,"column":8432}}]},"91":{"line":6,"type":"cond-expr","locations":[{"start":{"line":6,"column":8738},"end":{"line":6,"column":8768}},{"start":{"line":6,"column":8769},"end":{"line":6,"column":8798}}]},"92":{"line":6,"type":"if","locations":[{"start":{"line":6,"column":9044},"end":{"line":6,"column":9044}},{"start":{"line":6,"column":9044},"end":{"line":6,"column":9044}}]},"93":{"line":6,"type":"switch","locations":[{"start":{"line":6,"column":9096},"end":{"line":6,"column":9128}},{"start":{"line":6,"column":9128},"end":{"line":6,"column":9156}},{"start":{"line":6,"column":9156},"end":{"line":6,"column":9171}}]},"94":{"line":6,"type":"cond-expr","locations":[{"start":{"line":6,"column":9174},"end":{"line":6,"column":9197}},{"start":{"line":6,"column":9198},"end":{"line":6,"column":9248}}]},"95":{"line":6,"type":"binary-expr","locations":[{"start":{"line":6,"column":9198},"end":{"line":6,"column":9223}},{"start":{"line":6,"column":9225},"end":{"line":6,"column":9248}}]},"96":{"line":6,"type":"binary-expr","locations":[{"start":{"line":6,"column":9292},"end":{"line":6,"column":9315}},{"start":{"line":6,"column":9317},"end":{"line":6,"column":9356}}]},"97":{"line":6,"type":"binary-expr","locations":[{"start":{"line":6,"column":9459},"end":{"line":6,"column":9463}},{"start":{"line":6,"column":9466},"end":{"line":6,"column":9621}}]},"98":{"line":6,"type":"binary-expr","locations":[{"start":{"line":6,"column":9466},"end":{"line":6,"column":9471}},{"start":{"line":6,"column":9473},"end":{"line":6,"column":9492}},{"start":{"line":6,"column":9494},"end":{"line":6,"column":9549}}]},"99":{"line":6,"type":"binary-expr","locations":[{"start":{"line":6,"column":9560},"end":{"line":6,"column":9569}},{"start":{"line":6,"column":9571},"end":{"line":6,"column":9591}}]},"100":{"line":6,"type":"binary-expr","locations":[{"start":{"line":6,"column":9594},"end":{"line":6,"column":9601}},{"start":{"line":6,"column":9603},"end":{"line":6,"column":9621}}]},"101":{"line":6,"type":"cond-expr","locations":[{"start":{"line":6,"column":9761},"end":{"line":6,"column":9772}},{"start":{"line":6,"column":9773},"end":{"line":6,"column":9809}}]},"102":{"line":6,"type":"binary-expr","locations":[{"start":{"line":6,"column":10096},"end":{"line":6,"column":10097}},{"start":{"line":6,"column":10099},"end":{"line":6,"column":10149}},{"start":{"line":6,"column":10151},"end":{"line":6,"column":10169}},{"start":{"line":6,"column":10171},"end":{"line":6,"column":10221}},{"start":{"line":6,"column":10223},"end":{"line":6,"column":10240}}]},"103":{"line":6,"type":"cond-expr","locations":[{"start":{"line":6,"column":10391},"end":{"line":6,"column":10403}},{"start":{"line":6,"column":10404},"end":{"line":6,"column":10406}}]},"104":{"line":6,"type":"binary-expr","locations":[{"start":{"line":6,"column":10349},"end":{"line":6,"column":10367}},{"start":{"line":6,"column":10369},"end":{"line":6,"column":10390}}]},"105":{"line":6,"type":"binary-expr","locations":[{"start":{"line":6,"column":10481},"end":{"line":6,"column":10496}},{"start":{"line":6,"column":10498},"end":{"line":6,"column":10532}}]},"106":{"line":6,"type":"cond-expr","locations":[{"start":{"line":6,"column":10535},"end":{"line":6,"column":10666}},{"start":{"line":6,"column":10667},"end":{"line":6,"column":10904}}]},"107":{"line":6,"type":"binary-expr","locations":[{"start":{"line":6,"column":10794},"end":{"line":6,"column":10808}},{"start":{"line":6,"column":10810},"end":{"line":6,"column":10812}}]}},"code":["/*!"," * Vue-Lazyload.js v1.0.3"," * (c) 2017 Awe <hilongjw@gmail.com>"," * Released under the MIT License."," */","!function(e,t){\"object\"==typeof exports&&\"undefined\"!=typeof module?module.exports=t():\"function\"==typeof define&&define.amd?define(t):e.VueLazyload=t()}(this,function(){\"use strict\";function e(e,t){if(e.length){var n=e.indexOf(t);return n>-1?e.splice(n,1):void 0}}function t(e,t){if(!e||!t)return e||{};if(e instanceof Object)for(var n in t)e[n]=t[n];return e}function n(e,t){for(var n=!1,i=0,r=e.length;i<r;i++)if(t(e[i])){n=!0;break}return n}function i(e,t){if(\"IMG\"===e.tagName&&e.getAttribute(\"data-srcset\")){var n=e.getAttribute(\"data-srcset\"),i=[],r=e.parentNode,o=r.offsetWidth*t,a=void 0,s=void 0,u=void 0;n=n.trim().split(\",\"),n.map(function(e){e=e.trim(),a=e.lastIndexOf(\" \"),a===-1?(s=e,u=999998):(s=e.substr(0,a),u=parseInt(e.substr(a+1,e.length-a-2),10)),i.push([u,s])}),i.sort(function(e,t){if(e[0]<t[0])return-1;if(e[0]>t[0])return 1;if(e[0]===t[0]){if(t[1].indexOf(\".webp\",t[1].length-5)!==-1)return 1;if(e[1].indexOf(\".webp\",e[1].length-5)!==-1)return-1}return 0});for(var d=\"\",l=void 0,c=i.length,h=0;h<c;h++)if(l=i[h],l[0]>=o){d=l[1];break}return d}}function r(e,t){for(var n=void 0,i=0,r=e.length;i<r;i++)if(t(e[i])){n=e[i];break}return n}function o(){if(!h)return!1;var e=!0,t=document;try{var n=t.createElement(\"object\");n.type=\"image/webp\",n.innerHTML=\"!\",t.body.appendChild(n),e=!n.offsetWidth,t.body.removeChild(n)}catch(t){e=!1}return e}function a(e,t){var n=null,i=0;return function(){if(!n){var r=Date.now()-i,o=this,a=arguments,s=function(){i=Date.now(),n=!1,e.apply(o,a)};r>=t?s():n=setTimeout(s,t)}}}function s(){if(h){var e=!1;try{var t=Object.defineProperty({},\"passive\",{get:function(){e=!0}});window.addEventListener(\"test\",null,t)}catch(e){}return e}}function u(e){return null!==e&&\"object\"===(\"undefined\"==typeof e?\"undefined\":d(e))}var d=\"function\"==typeof Symbol&&\"symbol\"==typeof Symbol.iterator?function(e){return typeof e}:function(e){return e&&\"function\"==typeof Symbol&&e.constructor===Symbol?\"symbol\":typeof e},l=function(e,t){if(!(e instanceof t))throw new TypeError(\"Cannot call a class as a function\")},c=function(){function e(e,t){for(var n=0;n<t.length;n++){var i=t[n];i.enumerable=i.enumerable||!1,i.configurable=!0,\"value\"in i&&(i.writable=!0),Object.defineProperty(e,i.key,i)}}return function(t,n,i){return n&&e(t.prototype,n),i&&e(t,i),t}}(),h=\"undefined\"!=typeof window,f=function(){var e=arguments.length>0&&void 0!==arguments[0]?arguments[0]:1;return h&&window.devicePixelRatio||e},p=s(),v={on:function(e,t,n){p?e.addEventListener(t,n,{passive:!0}):e.addEventListener(t,n,!1)},off:function(e,t,n){e.removeEventListener(t,n)}},g=function(e,t,n){var i=new Image;i.src=e.src,i.onload=function(){t({naturalHeight:i.naturalHeight,naturalWidth:i.naturalWidth,src:i.src})},i.onerror=function(e){n(e)}},y=function(e,t){return\"undefined\"!=typeof getComputedStyle?getComputedStyle(e,null).getPropertyValue(t):e.style[t]},m=function(e){return y(e,\"overflow\")+y(e,\"overflow-y\")+y(e,\"overflow-x\")},b=function(e){if(h){if(!(e instanceof HTMLElement))return window;for(var t=e;t&&t!==document.body&&t!==document.documentElement&&t.parentNode;){if(/(scroll|auto)/.test(m(t)))return t;t=t.parentNode}return window}},w={},L=function(){function e(t){var n=t.el,i=t.src,r=t.error,o=t.loading,a=t.bindType,s=t.$parent,u=t.options,d=t.elRenderer;l(this,e),this.el=n,this.src=i,this.error=r,this.loading=o,this.bindType=a,this.attempt=0,this.naturalHeight=0,this.naturalWidth=0,this.options=u,this.filter(),this.initState(),this.performanceData={init:Date.now(),loadStart:null,loadEnd:null},this.rect=n.getBoundingClientRect(),this.$parent=s,this.elRenderer=d,this.render(\"loading\",!1)}return c(e,[{key:\"initState\",value:function(){this.state={error:!1,loaded:!1,rendered:!1}}},{key:\"record\",value:function(e){this.performanceData[e]=Date.now()}},{key:\"update\",value:function(e){var t=e.src,n=e.loading,i=e.error,r=this.src;this.src=t,this.loading=n,this.error=i,this.filter(),r!==this.src&&(this.attempt=0,this.initState())}},{key:\"getRect\",value:function(){this.rect=this.el.getBoundingClientRect()}},{key:\"checkInView\",value:function(){return this.getRect(),this.rect.top<window.innerHeight*this.options.preLoad&&this.rect.bottom>this.options.preLoadTop&&this.rect.left<window.innerWidth*this.options.preLoad&&this.rect.right>0}},{key:\"filter\",value:function(){this.options.filter.webp&&this.options.supportWebp&&(this.src=this.options.filter.webp(this,this.options)),this.options.filter.customer&&(this.src=this.options.filter.customer(this,this.options))}},{key:\"load\",value:function(){var e=this;return this.attempt>this.options.attempt-1&&this.state.error?void(this.options.silent||console.log(\"error end\")):this.state.loaded||w[this.src]?this.render(\"loaded\",!0):(this.render(\"loading\",!1),this.attempt++,this.record(\"loadStart\"),void g({src:this.src},function(t){e.naturalHeight=t.naturalHeight,e.naturalWidth=t.naturalWidth,e.state.loaded=!0,e.state.error=!1,e.record(\"loadEnd\"),e.render(\"loaded\",!1),w[e.src]=1},function(t){e.state.error=!0,e.state.loaded=!1,e.render(\"error\",!1)}))}},{key:\"render\",value:function(e,t){this.elRenderer(this,e,t)}},{key:\"performance\",value:function(){var e=\"loading\",t=0;return this.state.loaded&&(e=\"loaded\",t=(this.performanceData.loadEnd-this.performanceData.loadStart)/1e3),this.state.error&&(e=\"error\"),{src:this.src,state:e,time:t}}},{key:\"destroy\",value:function(){this.el=null,this.src=null,this.error=null,this.loading=null,this.bindType=null,this.attempt=0}}]),e}(),k=\"data:image/gif;base64,R0lGODlhAQABAIAAAAAAAP///yH5BAEAAAAALAAAAAABAAEAAAIBRAA7\",A=[\"scroll\",\"wheel\",\"mousewheel\",\"resize\",\"animationend\",\"transitionend\",\"touchmove\"],T=function(s){return function(){function d(e){var t=this,n=e.preLoad,i=e.error,r=e.preLoadTop,s=e.loading,u=e.attempt,c=e.silent,h=e.scale,p=e.listenEvents,v=(e.hasbind,e.filter),g=e.adapter;l(this,d),this.ListenerQueue=[],this.TargetIndex=0,this.TargetQueue=[],this.options={silent:c||!0,preLoad:n||1.3,preLoadTop:r||0,error:i||k,loading:s||k,attempt:u||3,scale:h||f(h),ListenEvents:p||A,hasbind:!1,supportWebp:o(),filter:v||{},adapter:g||{}},this.initEvent(),this.lazyLoadHandler=a(function(){var e=!1;t.ListenerQueue.forEach(function(t){t.state.loaded||(e=t.checkInView(),e&&t.load())})},200)}return c(d,[{key:\"config\",value:function(){var e=arguments.length>0&&void 0!==arguments[0]?arguments[0]:{};t(this.options,e)}},{key:\"addLazyBox\",value:function(e){this.ListenerQueue.push(e),h&&(this._addListenerTarget(window),e.$el&&e.$el.parentNode&&this._addListenerTarget(e.$el.parentNode))}},{key:\"_addListenerTarget\",value:function(e){if(e){var t=r(this.TargetQueue,function(t){return t.el===e});return t?t.childrenCount++:(t={el:e,id:++this.TargetIndex,childrenCount:1,listened:!0},this.initListen(t.el,!0),this.TargetQueue.push(t)),this.TargetIndex}}},{key:\"_removeListenerTarget\",value:function(e){var t=this;this.TargetQueue.forEach(function(n,i){n.el===e&&(n.childrenCount--,n.childrenCount||(t.initListen(n.el,!1),t.TargetQueue.splice(i,1),n=null))})}},{key:\"add\",value:function(e,t,r){var o=this;if(n(this.ListenerQueue,function(t){return t.el===e}))return this.update(e,t),s.nextTick(this.lazyLoadHandler);var a=this.valueFormatter(t.value),u=a.src,d=a.loading,l=a.error;s.nextTick(function(){u=i(e,o.options.scale)||u;var n=Object.keys(t.modifiers)[0],a=void 0;n&&(a=r.context.$refs[n],a=a?a.$el||a:document.getElementById(n)),a||(a=b(e));var c=new L({bindType:t.arg,$parent:a,el:e,loading:d,error:l,src:u,elRenderer:o.elRenderer.bind(o),options:o.options});o.ListenerQueue.push(c),h&&(o._addListenerTarget(window),o._addListenerTarget(a)),o.lazyLoadHandler(),s.nextTick(function(){return o.lazyLoadHandler()})})}},{key:\"update\",value:function(e,t){var n=this,i=this.valueFormatter(t.value),o=i.src,a=i.loading,u=i.error,d=r(this.ListenerQueue,function(t){return t.el===e});d&&d.update({src:o,loading:a,error:u}),this.lazyLoadHandler(),s.nextTick(function(){return n.lazyLoadHandler()})}},{key:\"remove\",value:function(t){if(t){var n=r(this.ListenerQueue,function(e){return e.el===t});n&&(this._removeListenerTarget(n.$parent),this._removeListenerTarget(window),e(this.ListenerQueue,n)&&n.destroy())}}},{key:\"removeComponent\",value:function(t){t&&(e(this.ListenerQueue,t),t.$parent&&t.$el.parentNode&&this._removeListenerTarget(t.$el.parentNode),this._removeListenerTarget(window))}},{key:\"initListen\",value:function(e,t){var n=this;this.options.ListenEvents.forEach(function(i){return v[t?\"on\":\"off\"](e,i,n.lazyLoadHandler)})}},{key:\"initEvent\",value:function(){var t=this;this.Event={listeners:{loading:[],loaded:[],error:[]}},this.$on=function(e,n){t.Event.listeners[e].push(n)},this.$once=function(e,n){function i(){r.$off(e,i),n.apply(r,arguments)}var r=t;t.$on(e,i)},this.$off=function(n,i){return i?void e(t.Event.listeners[n],i):void(t.Event.listeners[n]=[])},this.$emit=function(e,n,i){t.Event.listeners[e].forEach(function(e){return e(n,i)})}}},{key:\"performance\",value:function(){var e=[];return this.ListenerQueue.map(function(t){e.push(t.performance())}),e}},{key:\"elRenderer\",value:function(e,t,n){if(e.el){var i=e.el,r=e.bindType,o=void 0;switch(t){case\"loading\":o=e.loading;break;case\"error\":o=e.error;break;default:o=e.src}r?i.style[r]=\"url(\"+o+\")\":i.getAttribute(\"src\")!==o&&i.setAttribute(\"src\",o),i.setAttribute(\"lazy\",t),this.$emit(t,e,n),this.options.adapter[t]&&this.options.adapter[t](e,this.options)}}},{key:\"valueFormatter\",value:function(e){var t=e,n=this.options.loading,i=this.options.error;return u(e)&&(e.src||this.options.silent||console.error(\"Vue Lazyload warning: miss src with \"+e),t=e.src,n=e.loading||this.options.loading,i=e.error||this.options.error),{src:t,loading:n,error:i}}}]),d}()},E=function(e){return{props:{tag:{type:String,default:\"div\"}},render:function(e){return this.show===!1?e(this.tag):e(this.tag,null,this.$slots.default)},data:function(){return{state:{loaded:!1},rect:{},show:!1}},mounted:function(){e.addLazyBox(this),e.lazyLoadHandler()},beforeDestroy:function(){e.removeComponent(this)},methods:{getRect:function(){this.rect=this.$el.getBoundingClientRect()},checkInView:function(){return this.getRect(),h&&this.rect.top<window.innerHeight*e.options.preLoad&&this.rect.bottom>0&&this.rect.left<window.innerWidth*e.options.preLoad&&this.rect.right>0},load:function(){this.show=!0,this.state.loaded=!0,this.$emit(\"show\",this)}}}},$={install:function(e){var n=arguments.length>1&&void 0!==arguments[1]?arguments[1]:{},i=T(e),r=new i(n),o=\"2\"===e.version.split(\".\")[0];e.prototype.$Lazyload=r,n.lazyComponent&&e.component(\"lazy-component\",E(r)),o?e.directive(\"lazy\",{bind:r.add.bind(r),update:r.update.bind(r),componentUpdated:r.lazyLoadHandler.bind(r),unbind:r.remove.bind(r)}):e.directive(\"lazy\",{bind:r.lazyLoadHandler.bind(r),update:function(e,n){t(this.vm.$refs,this.vm.$els),r.add(this.el,{modifiers:this.modifiers||{},arg:this.arg,value:e,oldValue:n},{context:this.vm})},unbind:function(){r.remove(this.el)}})}};return $});"],"l":{"6":10}}}